C:\Program Files (x86)\MSBuild\Microsoft.Cpp\v4.0\Microsoft.CppBuild.targets(299,5): warning MSB8004: Output Directory does not end with a trailing slash.  This build instance will add the slash as it is required to allow proper evaluation of the Output Directory.
c:\users\avansc\desktop\quad2010\projects\qengine\include\qtexture.h(229): warning C4251: 'CQuadrionTextureFile::pixels' : class 'std::vector<_Ty>' needs to have dll-interface to be used by clients of class 'CQuadrionTextureFile'
c:\users\avansc\desktop\quad2010\projects\qengine\include\qtexture.h(230): warning C4251: 'CQuadrionTextureFile::normalMap' : class 'std::vector<_Ty>' needs to have dll-interface to be used by clients of class 'CQuadrionTextureFile'
c:\users\avansc\desktop\quad2010\projects\qengine\include\qtexture.h(233): warning C4251: 'CQuadrionTextureFile::fileName' : class 'std::basic_string<_Elem,_Traits,_Ax>' needs to have dll-interface to be used by clients of class 'CQuadrionTextureFile'
c:\users\avansc\desktop\quad2010\projects\qengine\include\qtexture.h(234): warning C4251: 'CQuadrionTextureFile::m_pathName' : class 'std::basic_string<_Elem,_Traits,_Ax>' needs to have dll-interface to be used by clients of class 'CQuadrionTextureFile'
c:\users\avansc\desktop\quad2010\projects\qengine\include\qtexture.h(276): warning C4275: non dll-interface class 'CQuadrionResource' used as base for dll-interface class 'CQuadrionTextureObject'
c:\users\avansc\desktop\quad2010\projects\qengine\include\qtexture.h(459): warning C4275: non dll-interface class 'CQuadrionResource' used as base for dll-interface class 'CQuadrionDepthStencilTarget'
c:\users\avansc\desktop\quad2010\projects\qengine\include\qeffect.h(82): warning C4275: non dll-interface class 'CQuadrionResource' used as base for dll-interface class 'CQuadrionEffect'
c:\users\avansc\desktop\quad2010\projects\qengine\include\qeffect.h(172): warning C4251: 'CQuadrionEffect::m_effectPath' : class 'std::basic_string<_Elem,_Traits,_Ax>' needs to have dll-interface to be used by clients of class 'CQuadrionEffect'
c:\users\avansc\desktop\quad2010\projects\qengine\include\qeffect.h(182): warning C4251: 'CQuadrionEffect::m_effectParameterNames' : class 'std::basic_string<_Elem,_Traits,_Ax>' needs to have dll-interface to be used by clients of class 'CQuadrionEffect'
c:\users\avansc\desktop\quad2010\projects\qengine\include\qvertexbuffer.h(111): warning C4275: non dll-interface class 'CQuadrionResource' used as base for dll-interface class 'CQuadrionVertexBuffer'
c:\users\avansc\desktop\quad2010\projects\qengine\include\qvertexbuffer.h(282): warning C4275: non dll-interface class 'CQuadrionResource' used as base for dll-interface class 'CQuadrionInstancedVertexBuffer'
c:\users\avansc\desktop\quad2010\projects\qengine\include\qindexbuffer.h(44): warning C4275: non dll-interface class 'CQuadrionResource' used as base for dll-interface class 'CQuadrionIndexBuffer'
c:\users\avansc\desktop\quad2010\projects\qengine\include\qrender.h(555): warning C4251: 'CQuadrionRender::m_swapChains' : class 'std::vector<_Ty>' needs to have dll-interface to be used by clients of class 'CQuadrionRender'
c:\users\avansc\desktop\quad2010\projects\qengine\include\qrender.h(556): warning C4251: 'CQuadrionRender::m_swapDepthStencils' : class 'std::vector<_Ty>' needs to have dll-interface to be used by clients of class 'CQuadrionRender'
c:\users\avansc\desktop\quad2010\projects\qengine\include\qrender.h(560): warning C4251: 'CQuadrionRender::m_userFVFs' : class 'std::vector<_Ty>' needs to have dll-interface to be used by clients of class 'CQuadrionRender'
c:\users\avansc\desktop\quad2010\projects\qengine\include\qrender.h(618): warning C4251: 'CQuadrionRender::m_fontList' : class 'std::vector<_Ty>' needs to have dll-interface to be used by clients of class 'CQuadrionRender'
c:\users\avansc\desktop\quad2010\projects\qengine\include\qrender.h(619): warning C4251: 'CQuadrionRender::m_spriteList' : class 'std::vector<_Ty>' needs to have dll-interface to be used by clients of class 'CQuadrionRender'
c:\users\avansc\desktop\quad2010\projects\qdriver\include\split.h(13): warning C4273: 'Split' : inconsistent dll linkage
c:\users\avansc\desktop\quad2010\projects\qdriver\include\split.h(16): warning C4273: 'Split' : inconsistent dll linkage
c:\users\avansc\desktop\quad2010\projects\qdriver\include\split.h(19): warning C4273: 'SplitC' : inconsistent dll linkage
c:\users\avansc\desktop\quad2010\projects\qdriver\include\cini.h(63): warning C4996: 'itoa': The POSIX name for this item is deprecated. Instead, use the ISO C++ conformant name: _itoa. See online help for details.
c:\users\avansc\desktop\quad2010\projects\qengine\include\qmodelobject.h(75): warning C4251: 'CModelObject::m_fileName' : class 'std::basic_string<_Elem,_Traits,_Ax>' needs to have dll-interface to be used by clients of class 'CModelObject'
c:\users\avansc\desktop\quad2010\projects\qengine\include\qmodelobject.h(76): warning C4251: 'CModelObject::m_filePath' : class 'std::basic_string<_Elem,_Traits,_Ax>' needs to have dll-interface to be used by clients of class 'CModelObject'
c:\users\avansc\desktop\quad2010\projects\qengine\include\qmodelobject.h(146): warning C4251: 'CModelManager::m_modelMap' : class 'std::map<_Kty,_Ty,_Pr>' needs to have dll-interface to be used by clients of class 'CModelManager'
c:\users\avansc\desktop\quad2010\projects\qengine\include\qmodelobject.h(147): warning C4251: 'CModelManager::m_effectPath' : class 'std::basic_string<_Elem,_Traits,_Ax>' needs to have dll-interface to be used by clients of class 'CModelManager'
c:\users\avansc\desktop\quad2010\projects\qengine\include\qxml.h(48): warning C4251: 'CXMLNodeHandler::m_vNodes' : class 'std::vector<_Ty>' needs to have dll-interface to be used by clients of class 'CXMLNodeHandler'
c:\users\avansc\desktop\quad2010\projects\qengine\include\qxml.h(104): warning C4251: 'CXMLNode::m_strName' : class 'std::basic_string<_Elem,_Traits,_Ax>' needs to have dll-interface to be used by clients of class 'CXMLNode'
c:\users\avansc\desktop\quad2010\projects\qengine\include\qxml.h(108): warning C4251: 'CXMLNode::m_mAttributes' : class 'stdext::hash_map<_Kty,_Ty>' needs to have dll-interface to be used by clients of class 'CXMLNode'
c:\users\avansc\desktop\quad2010\projects\qengine\include\qxml.h(109): warning C4251: 'CXMLNode::m_vContents' : class 'std::vector<_Ty>' needs to have dll-interface to be used by clients of class 'CXMLNode'
c:\users\avansc\desktop\quad2010\projects\qengine\include\qxml.h(132): warning C4251: 'CXML::m_vRawData' : class 'std::vector<_Ty>' needs to have dll-interface to be used by clients of class 'CXML'
c:\users\avansc\desktop\quad2010\projects\qengine\include\qxml.h(142): warning C4251: 'CXML::m_mURIs' : class 'std::map<_Kty,_Ty>' needs to have dll-interface to be used by clients of class 'CXML'
c:\users\avansc\desktop\quad2010\projects\qengine\include\qalgorithm.h(54): warning C4251: 'CTreeNode<T>::m_vChildNodes' : class 'std::vector<CTreeNode<T>>' needs to have dll-interface to be used by clients of class 'CTreeNode<T>'
c:\users\avansc\desktop\quad2010\projects\qengine\include\qalgorithm.h(89): warning C4251: 'CTree<T>::m_pRootNodes' : class 'std::vector<CTreeNode<T>>' needs to have dll-interface to be used by clients of class 'CTree<T>'
c:\users\avansc\desktop\quad2010\projects\qengine\include\qmodel.h(70): warning C4251: 'CQuadrionModel::m_sName' : class 'std::basic_string<_Elem,_Traits,_Ax>' needs to have dll-interface to be used by clients of class 'CQuadrionModel'
c:\users\avansc\desktop\quad2010\projects\qengine\include\qmodel.h(70): warning C4251: 'CQuadrionModel::m_sPath' : class 'std::basic_string<_Elem,_Traits,_Ax>' needs to have dll-interface to be used by clients of class 'CQuadrionModel'
c:\users\avansc\desktop\quad2010\projects\qengine\include\qmodel.h(100): warning C4251: 'CQuadrionModelManager::m_vModelPool' : class 'std::vector<_Ty>' needs to have dll-interface to be used by clients of class 'CQuadrionModelManager'
c:\users\avansc\desktop\quad2010\projects\qengine\include\qmodel.h(101): warning C4251: 'CQuadrionModelManager::m_vHandles' : class 'std::vector<_Ty>' needs to have dll-interface to be used by clients of class 'CQuadrionModelManager'
c:\users\avansc\desktop\quad2010\projects\qengine\include\qalgorithm.h(89): warning C4251: 'CTree<T>::m_pRootNodes' : class 'std::vector<_Ty>' needs to have dll-interface to be used by clients of class 'CTree<T>'
c:\users\avansc\desktop\quad2010\projects\qengine\include\qmodel.h(123): warning C4251: 'CQuadrionModelAssembler::m_vModels' : class 'std::vector<_Ty>' needs to have dll-interface to be used by clients of class 'CQuadrionModelAssembler'
c:\users\avansc\desktop\quad2010\projects\qengine\include\qmd3.h(129): warning C4251: 'CMD3Surface::m_vTriangles' : class 'std::vector<_Ty>' needs to have dll-interface to be used by clients of class 'CMD3Surface'
c:\users\avansc\desktop\quad2010\projects\qengine\include\qmd3.h(130): warning C4251: 'CMD3Surface::m_vTexCoords' : class 'std::vector<_Ty>' needs to have dll-interface to be used by clients of class 'CMD3Surface'
c:\users\avansc\desktop\quad2010\projects\qengine\include\qmd3.h(132): warning C4251: 'CMD3Surface::m_vVerts' : class 'std::vector<_Ty>' needs to have dll-interface to be used by clients of class 'CMD3Surface'
c:\users\avansc\desktop\quad2010\projects\qengine\include\qmd3.h(154): warning C4251: 'CMD3Frame::m_vTags' : class 'std::vector<_Ty>' needs to have dll-interface to be used by clients of class 'CMD3Frame'
c:\users\avansc\desktop\quad2010\projects\qengine\include\qmd3.h(155): warning C4251: 'CMD3Frame::m_vSurfaces' : class 'std::vector<_Ty>' needs to have dll-interface to be used by clients of class 'CMD3Frame'
c:\users\avansc\desktop\quad2010\projects\qengine\include\qmd3.h(179): warning C4251: 'CMD3Mesh::m_vFrames' : class 'std::vector<_Ty>' needs to have dll-interface to be used by clients of class 'CMD3Mesh'
c:\users\avansc\desktop\quad2010\projects\qengine\include\qmd3.h(183): warning C4251: 'CMD3Mesh::m_sPath' : class 'std::basic_string<_Elem,_Traits,_Ax>' needs to have dll-interface to be used by clients of class 'CMD3Mesh'
c:\users\avansc\desktop\quad2010\projects\qengine\include\q3dsmodel.h(120): warning C4251: 's3DSMaterial::fileName' : class 'std::basic_string<_Elem,_Traits,_Ax>' needs to have dll-interface to be used by clients of struct 's3DSMaterial'
c:\users\avansc\desktop\quad2010\projects\qengine\include\q3dsmodel.h(236): warning C4251: 'c3DSModel::textureHandleList' : class 'std::vector<_Ty>' needs to have dll-interface to be used by clients of class 'c3DSModel'
c:\users\avansc\desktop\quad2010\projects\qengine\include\q3dsmodel.h(237): warning C4251: 'c3DSModel::meshRenderHandles' : class 'std::vector<_Ty>' needs to have dll-interface to be used by clients of class 'c3DSModel'
c:\users\avansc\desktop\quad2010\projects\qengine\include\q3dsmodel.h(239): warning C4251: 'c3DSModel::fileName' : class 'std::basic_string<_Elem,_Traits,_Ax>' needs to have dll-interface to be used by clients of class 'c3DSModel'
c:\users\avansc\desktop\quad2010\projects\qdriver\include\hashtable.h(50): warning C4018: '<' : signed/unsigned mismatch
c:\users\avansc\desktop\quad2010\projects\qengine\include\qtexture.h(229): warning C4251: 'CQuadrionTextureFile::pixels' : class 'std::vector<_Ty>' needs to have dll-interface to be used by clients of class 'CQuadrionTextureFile'
c:\users\avansc\desktop\quad2010\projects\qengine\include\qtexture.h(230): warning C4251: 'CQuadrionTextureFile::normalMap' : class 'std::vector<_Ty>' needs to have dll-interface to be used by clients of class 'CQuadrionTextureFile'
c:\users\avansc\desktop\quad2010\projects\qengine\include\qtexture.h(233): warning C4251: 'CQuadrionTextureFile::fileName' : class 'std::basic_string<_Elem,_Traits,_Ax>' needs to have dll-interface to be used by clients of class 'CQuadrionTextureFile'
c:\users\avansc\desktop\quad2010\projects\qengine\include\qtexture.h(234): warning C4251: 'CQuadrionTextureFile::m_pathName' : class 'std::basic_string<_Elem,_Traits,_Ax>' needs to have dll-interface to be used by clients of class 'CQuadrionTextureFile'
c:\users\avansc\desktop\quad2010\projects\qengine\include\qtexture.h(276): warning C4275: non dll-interface class 'CQuadrionResource' used as base for dll-interface class 'CQuadrionTextureObject'
c:\users\avansc\desktop\quad2010\projects\qengine\include\qtexture.h(459): warning C4275: non dll-interface class 'CQuadrionResource' used as base for dll-interface class 'CQuadrionDepthStencilTarget'
c:\users\avansc\desktop\quad2010\projects\qengine\include\qeffect.h(82): warning C4275: non dll-interface class 'CQuadrionResource' used as base for dll-interface class 'CQuadrionEffect'
c:\users\avansc\desktop\quad2010\projects\qengine\include\qeffect.h(172): warning C4251: 'CQuadrionEffect::m_effectPath' : class 'std::basic_string<_Elem,_Traits,_Ax>' needs to have dll-interface to be used by clients of class 'CQuadrionEffect'
c:\users\avansc\desktop\quad2010\projects\qengine\include\qeffect.h(182): warning C4251: 'CQuadrionEffect::m_effectParameterNames' : class 'std::basic_string<_Elem,_Traits,_Ax>' needs to have dll-interface to be used by clients of class 'CQuadrionEffect'
c:\users\avansc\desktop\quad2010\projects\qengine\include\qvertexbuffer.h(111): warning C4275: non dll-interface class 'CQuadrionResource' used as base for dll-interface class 'CQuadrionVertexBuffer'
c:\users\avansc\desktop\quad2010\projects\qengine\include\qvertexbuffer.h(282): warning C4275: non dll-interface class 'CQuadrionResource' used as base for dll-interface class 'CQuadrionInstancedVertexBuffer'
c:\users\avansc\desktop\quad2010\projects\qengine\include\qindexbuffer.h(44): warning C4275: non dll-interface class 'CQuadrionResource' used as base for dll-interface class 'CQuadrionIndexBuffer'
c:\users\avansc\desktop\quad2010\projects\qengine\include\qrender.h(555): warning C4251: 'CQuadrionRender::m_swapChains' : class 'std::vector<_Ty>' needs to have dll-interface to be used by clients of class 'CQuadrionRender'
c:\users\avansc\desktop\quad2010\projects\qengine\include\qrender.h(556): warning C4251: 'CQuadrionRender::m_swapDepthStencils' : class 'std::vector<_Ty>' needs to have dll-interface to be used by clients of class 'CQuadrionRender'
c:\users\avansc\desktop\quad2010\projects\qengine\include\qrender.h(560): warning C4251: 'CQuadrionRender::m_userFVFs' : class 'std::vector<_Ty>' needs to have dll-interface to be used by clients of class 'CQuadrionRender'
c:\users\avansc\desktop\quad2010\projects\qengine\include\qrender.h(618): warning C4251: 'CQuadrionRender::m_fontList' : class 'std::vector<_Ty>' needs to have dll-interface to be used by clients of class 'CQuadrionRender'
c:\users\avansc\desktop\quad2010\projects\qengine\include\qrender.h(619): warning C4251: 'CQuadrionRender::m_spriteList' : class 'std::vector<_Ty>' needs to have dll-interface to be used by clients of class 'CQuadrionRender'
c:\users\avansc\desktop\quad2010\projects\qdriver\include\split.h(13): warning C4273: 'Split' : inconsistent dll linkage
c:\users\avansc\desktop\quad2010\projects\qdriver\include\split.h(16): warning C4273: 'Split' : inconsistent dll linkage
c:\users\avansc\desktop\quad2010\projects\qdriver\include\split.h(19): warning C4273: 'SplitC' : inconsistent dll linkage
c:\users\avansc\desktop\quad2010\projects\qdriver\include\cini.h(63): warning C4996: 'itoa': The POSIX name for this item is deprecated. Instead, use the ISO C++ conformant name: _itoa. See online help for details.
c:\users\avansc\desktop\quad2010\projects\qdriver\src\cini.cpp(11): warning C4273: 'ToLower' : inconsistent dll linkage
c:\users\avansc\desktop\quad2010\projects\qdriver\src\cini.cpp(12): warning C4273: 'ToUpper' : inconsistent dll linkage
c:\users\avansc\desktop\quad2010\projects\qdriver\src\cini.cpp(13): warning C4273: 'IsUpper' : inconsistent dll linkage
c:\users\avansc\desktop\quad2010\projects\qdriver\src\cini.cpp(14): warning C4273: 'IsLower' : inconsistent dll linkage
c:\users\avansc\desktop\quad2010\projects\qdriver\include\hashtable.h(50): warning C4018: '<' : signed/unsigned mismatch
c:\users\avansc\desktop\quad2010\projects\qengine\include\qtexture.h(229): warning C4251: 'CQuadrionTextureFile::pixels' : class 'std::vector<_Ty>' needs to have dll-interface to be used by clients of class 'CQuadrionTextureFile'
c:\users\avansc\desktop\quad2010\projects\qengine\include\qtexture.h(230): warning C4251: 'CQuadrionTextureFile::normalMap' : class 'std::vector<_Ty>' needs to have dll-interface to be used by clients of class 'CQuadrionTextureFile'
c:\users\avansc\desktop\quad2010\projects\qengine\include\qtexture.h(233): warning C4251: 'CQuadrionTextureFile::fileName' : class 'std::basic_string<_Elem,_Traits,_Ax>' needs to have dll-interface to be used by clients of class 'CQuadrionTextureFile'
c:\users\avansc\desktop\quad2010\projects\qengine\include\qtexture.h(234): warning C4251: 'CQuadrionTextureFile::m_pathName' : class 'std::basic_string<_Elem,_Traits,_Ax>' needs to have dll-interface to be used by clients of class 'CQuadrionTextureFile'
c:\users\avansc\desktop\quad2010\projects\qengine\include\qtexture.h(276): warning C4275: non dll-interface class 'CQuadrionResource' used as base for dll-interface class 'CQuadrionTextureObject'
c:\users\avansc\desktop\quad2010\projects\qengine\include\qtexture.h(459): warning C4275: non dll-interface class 'CQuadrionResource' used as base for dll-interface class 'CQuadrionDepthStencilTarget'
c:\users\avansc\desktop\quad2010\projects\qengine\include\qeffect.h(82): warning C4275: non dll-interface class 'CQuadrionResource' used as base for dll-interface class 'CQuadrionEffect'
c:\users\avansc\desktop\quad2010\projects\qengine\include\qeffect.h(172): warning C4251: 'CQuadrionEffect::m_effectPath' : class 'std::basic_string<_Elem,_Traits,_Ax>' needs to have dll-interface to be used by clients of class 'CQuadrionEffect'
c:\users\avansc\desktop\quad2010\projects\qengine\include\qeffect.h(182): warning C4251: 'CQuadrionEffect::m_effectParameterNames' : class 'std::basic_string<_Elem,_Traits,_Ax>' needs to have dll-interface to be used by clients of class 'CQuadrionEffect'
c:\users\avansc\desktop\quad2010\projects\qengine\include\qvertexbuffer.h(111): warning C4275: non dll-interface class 'CQuadrionResource' used as base for dll-interface class 'CQuadrionVertexBuffer'
c:\users\avansc\desktop\quad2010\projects\qengine\include\qvertexbuffer.h(282): warning C4275: non dll-interface class 'CQuadrionResource' used as base for dll-interface class 'CQuadrionInstancedVertexBuffer'
c:\users\avansc\desktop\quad2010\projects\qengine\include\qindexbuffer.h(44): warning C4275: non dll-interface class 'CQuadrionResource' used as base for dll-interface class 'CQuadrionIndexBuffer'
c:\users\avansc\desktop\quad2010\projects\qengine\include\qrender.h(555): warning C4251: 'CQuadrionRender::m_swapChains' : class 'std::vector<_Ty>' needs to have dll-interface to be used by clients of class 'CQuadrionRender'
c:\users\avansc\desktop\quad2010\projects\qengine\include\qrender.h(556): warning C4251: 'CQuadrionRender::m_swapDepthStencils' : class 'std::vector<_Ty>' needs to have dll-interface to be used by clients of class 'CQuadrionRender'
c:\users\avansc\desktop\quad2010\projects\qengine\include\qrender.h(560): warning C4251: 'CQuadrionRender::m_userFVFs' : class 'std::vector<_Ty>' needs to have dll-interface to be used by clients of class 'CQuadrionRender'
c:\users\avansc\desktop\quad2010\projects\qengine\include\qrender.h(618): warning C4251: 'CQuadrionRender::m_fontList' : class 'std::vector<_Ty>' needs to have dll-interface to be used by clients of class 'CQuadrionRender'
c:\users\avansc\desktop\quad2010\projects\qengine\include\qrender.h(619): warning C4251: 'CQuadrionRender::m_spriteList' : class 'std::vector<_Ty>' needs to have dll-interface to be used by clients of class 'CQuadrionRender'
c:\users\avansc\desktop\quad2010\projects\qdriver\include\split.h(13): warning C4273: 'Split' : inconsistent dll linkage
c:\users\avansc\desktop\quad2010\projects\qdriver\include\split.h(16): warning C4273: 'Split' : inconsistent dll linkage
c:\users\avansc\desktop\quad2010\projects\qdriver\include\split.h(19): warning C4273: 'SplitC' : inconsistent dll linkage
c:\users\avansc\desktop\quad2010\projects\qdriver\include\cini.h(63): warning C4996: 'itoa': The POSIX name for this item is deprecated. Instead, use the ISO C++ conformant name: _itoa. See online help for details.
c:\users\avansc\desktop\quad2010\projects\qdriver\include\hashtable.h(50): warning C4018: '<' : signed/unsigned mismatch
