C:\Users\avansc\Desktop\quad2010\/build\qdriver_d.exe
C:\Users\avansc\Desktop\quad2010\/build\qdriver_d.ilk
C:\Users\avansc\Desktop\quad2010\/build\qdriver_d.pdb
C:\USERS\AVANSC\DESKTOP\QUAD2010\BUILD\QDRIVER_D.EXE
C:\Users\avansc\Desktop\quad2010\build\qdriver_d.exp
C:\USERS\AVANSC\DESKTOP\QUAD2010\BUILD\QDRIVER_D.ILK
C:\Users\avansc\Desktop\quad2010\build\qdriver_d.lib
C:\USERS\AVANSC\DESKTOP\QUAD2010\BUILD\QDRIVER_D.PDB
C:\USERS\AVANSC\DESKTOP\QUAD2010\PROJECTS\QDRIVER\DEBUG\APP.OBJ
C:\USERS\AVANSC\DESKTOP\QUAD2010\PROJECTS\QDRIVER\DEBUG\CINI.OBJ
C:\Users\avansc\Desktop\quad2010\projects\qdriver\Debug\cl.command.1.tlog
C:\Users\avansc\Desktop\quad2010\projects\qdriver\Debug\CL.read.1.tlog
C:\Users\avansc\Desktop\quad2010\projects\qdriver\Debug\CL.write.1.tlog
C:\USERS\AVANSC\DESKTOP\QUAD2010\PROJECTS\QDRIVER\DEBUG\DEBUG.OBJ
C:\Users\avansc\Desktop\quad2010\projects\qdriver\Debug\link.3508.read.1.tlog
C:\Users\avansc\Desktop\quad2010\projects\qdriver\Debug\link.3508.write.1.tlog
C:\Users\avansc\Desktop\quad2010\projects\qdriver\Debug\link.3508-cvtres.read.1.tlog
C:\Users\avansc\Desktop\quad2010\projects\qdriver\Debug\link.3508-cvtres.write.1.tlog
C:\Users\avansc\Desktop\quad2010\projects\qdriver\Debug\link.command.1.tlog
C:\Users\avansc\Desktop\quad2010\projects\qdriver\Debug\link.read.1.tlog
C:\Users\avansc\Desktop\quad2010\projects\qdriver\Debug\link.write.1.tlog
C:\Users\avansc\Desktop\quad2010\projects\qdriver\Debug\link-cvtres.read.1.tlog
C:\Users\avansc\Desktop\quad2010\projects\qdriver\Debug\link-cvtres.write.1.tlog
C:\USERS\AVANSC\DESKTOP\QUAD2010\PROJECTS\QDRIVER\DEBUG\MAIN.OBJ
C:\Users\avansc\Desktop\quad2010\projects\qdriver\Debug\mt.command.1.tlog
C:\Users\avansc\Desktop\quad2010\projects\qdriver\Debug\mt.read.1.tlog
C:\Users\avansc\Desktop\quad2010\projects\qdriver\Debug\mt.write.1.tlog
C:\Users\avansc\Desktop\quad2010\projects\qdriver\Debug\qdriver.write.1.tlog
C:\USERS\AVANSC\DESKTOP\QUAD2010\PROJECTS\QDRIVER\DEBUG\QDRIVER_D.EXE.EMBED.MANIFEST
C:\USERS\AVANSC\DESKTOP\QUAD2010\PROJECTS\QDRIVER\DEBUG\QDRIVER_D.EXE.EMBED.MANIFEST.RES
C:\USERS\AVANSC\DESKTOP\QUAD2010\PROJECTS\QDRIVER\DEBUG\QDRIVER_D.EXE.INTERMEDIATE.MANIFEST
C:\Users\avansc\Desktop\quad2010\projects\qdriver\Debug\qdriver_d_manifest.rc
C:\Users\avansc\Desktop\quad2010\projects\qdriver\Debug\rc.command.1.tlog
C:\Users\avansc\Desktop\quad2010\projects\qdriver\Debug\rc.read.1.tlog
C:\Users\avansc\Desktop\quad2010\projects\qdriver\Debug\rc.write.1.tlog
C:\USERS\AVANSC\DESKTOP\QUAD2010\PROJECTS\QDRIVER\DEBUG\SPLIT.OBJ
C:\Users\avansc\Desktop\quad2010\projects\qdriver\Debug\vc100.idb
C:\USERS\AVANSC\DESKTOP\QUAD2010\PROJECTS\QDRIVER\DEBUG\VC100.PDB
