C:\Users\avansc\Desktop\quad2010\/build\qengine_d.dll
C:\Users\avansc\Desktop\quad2010\/build\qengine_d.ilk
C:\Users\avansc\Desktop\quad2010\/build\qengine_d.pdb
C:\USERS\AVANSC\DESKTOP\QUAD2010\BUILD\QENGINE_D.DLL
C:\USERS\AVANSC\DESKTOP\QUAD2010\BUILD\QENGINE_D.ILK
C:\USERS\AVANSC\DESKTOP\QUAD2010\BUILD\QENGINE_D.PDB
C:\Users\avansc\Desktop\quad2010\lib\qengine_d.exp
C:\Users\avansc\Desktop\quad2010\lib\qengine_d.lib
C:\Users\avansc\Desktop\quad2010\projects\qengine\obj\Debug\cl.command.1.tlog
C:\Users\avansc\Desktop\quad2010\projects\qengine\obj\Debug\CL.read.1.tlog
C:\Users\avansc\Desktop\quad2010\projects\qengine\obj\Debug\CL.write.1.tlog
C:\USERS\AVANSC\DESKTOP\QUAD2010\PROJECTS\QENGINE\OBJ\DEBUG\DLLMAIN.OBJ
C:\USERS\AVANSC\DESKTOP\QUAD2010\PROJECTS\QENGINE\OBJ\DEBUG\H2V2.OBJ
C:\USERS\AVANSC\DESKTOP\QUAD2010\PROJECTS\QENGINE\OBJ\DEBUG\IDCT.OBJ
C:\USERS\AVANSC\DESKTOP\QUAD2010\PROJECTS\QENGINE\OBJ\DEBUG\JIDCTFST.OBJ
C:\USERS\AVANSC\DESKTOP\QUAD2010\PROJECTS\QENGINE\OBJ\DEBUG\JPEGDECODER.OBJ
C:\Users\avansc\Desktop\quad2010\projects\qengine\obj\Debug\link.3908.read.1.tlog
C:\Users\avansc\Desktop\quad2010\projects\qengine\obj\Debug\link.3908.write.1.tlog
C:\Users\avansc\Desktop\quad2010\projects\qengine\obj\Debug\link.3908-cvtres.read.1.tlog
C:\Users\avansc\Desktop\quad2010\projects\qengine\obj\Debug\link.3908-cvtres.write.1.tlog
C:\Users\avansc\Desktop\quad2010\projects\qengine\obj\Debug\link.command.1.tlog
C:\Users\avansc\Desktop\quad2010\projects\qengine\obj\Debug\link.read.1.tlog
C:\Users\avansc\Desktop\quad2010\projects\qengine\obj\Debug\link.write.1.tlog
C:\Users\avansc\Desktop\quad2010\projects\qengine\obj\Debug\link-cvtres.read.1.tlog
C:\Users\avansc\Desktop\quad2010\projects\qengine\obj\Debug\link-cvtres.write.1.tlog
C:\Users\avansc\Desktop\quad2010\projects\qengine\obj\Debug\mt.command.1.tlog
C:\Users\avansc\Desktop\quad2010\projects\qengine\obj\Debug\mt.read.1.tlog
C:\Users\avansc\Desktop\quad2010\projects\qengine\obj\Debug\mt.write.1.tlog
C:\USERS\AVANSC\DESKTOP\QUAD2010\PROJECTS\QENGINE\OBJ\DEBUG\Q3DSMODEL.OBJ
C:\USERS\AVANSC\DESKTOP\QUAD2010\PROJECTS\QENGINE\OBJ\DEBUG\QALGORITHM.OBJ
C:\USERS\AVANSC\DESKTOP\QUAD2010\PROJECTS\QENGINE\OBJ\DEBUG\QCAMERA.OBJ
C:\USERS\AVANSC\DESKTOP\QUAD2010\PROJECTS\QENGINE\OBJ\DEBUG\QEFFECT.OBJ
C:\Users\avansc\Desktop\quad2010\projects\qengine\obj\Debug\qengine.write.1.tlog
C:\USERS\AVANSC\DESKTOP\QUAD2010\PROJECTS\QENGINE\OBJ\DEBUG\QENGINE_D.DLL.EMBED.MANIFEST
C:\USERS\AVANSC\DESKTOP\QUAD2010\PROJECTS\QENGINE\OBJ\DEBUG\QENGINE_D.DLL.EMBED.MANIFEST.RES
C:\USERS\AVANSC\DESKTOP\QUAD2010\PROJECTS\QENGINE\OBJ\DEBUG\QENGINE_D.DLL.INTERMEDIATE.MANIFEST
C:\Users\avansc\Desktop\quad2010\projects\qengine\obj\Debug\qengine_d_manifest.rc
C:\USERS\AVANSC\DESKTOP\QUAD2010\PROJECTS\QENGINE\OBJ\DEBUG\QFILE.OBJ
C:\USERS\AVANSC\DESKTOP\QUAD2010\PROJECTS\QENGINE\OBJ\DEBUG\QGEOM.OBJ
C:\USERS\AVANSC\DESKTOP\QUAD2010\PROJECTS\QENGINE\OBJ\DEBUG\QINDEX_T.OBJ
C:\USERS\AVANSC\DESKTOP\QUAD2010\PROJECTS\QENGINE\OBJ\DEBUG\QINDEXBUFFER.OBJ
C:\USERS\AVANSC\DESKTOP\QUAD2010\PROJECTS\QENGINE\OBJ\DEBUG\QMATH.OBJ
C:\USERS\AVANSC\DESKTOP\QUAD2010\PROJECTS\QENGINE\OBJ\DEBUG\QMD3.OBJ
C:\USERS\AVANSC\DESKTOP\QUAD2010\PROJECTS\QENGINE\OBJ\DEBUG\QMODEL.OBJ
C:\USERS\AVANSC\DESKTOP\QUAD2010\PROJECTS\QENGINE\OBJ\DEBUG\QMODELOBJECT.OBJ
C:\USERS\AVANSC\DESKTOP\QUAD2010\PROJECTS\QENGINE\OBJ\DEBUG\QRENDER.OBJ
C:\USERS\AVANSC\DESKTOP\QUAD2010\PROJECTS\QENGINE\OBJ\DEBUG\QTEXT.OBJ
C:\USERS\AVANSC\DESKTOP\QUAD2010\PROJECTS\QENGINE\OBJ\DEBUG\QTEXTURE.OBJ
C:\USERS\AVANSC\DESKTOP\QUAD2010\PROJECTS\QENGINE\OBJ\DEBUG\QTIMER.OBJ
C:\USERS\AVANSC\DESKTOP\QUAD2010\PROJECTS\QENGINE\OBJ\DEBUG\QTMS.OBJ
C:\USERS\AVANSC\DESKTOP\QUAD2010\PROJECTS\QENGINE\OBJ\DEBUG\QVERTEXBUFFER.OBJ
C:\USERS\AVANSC\DESKTOP\QUAD2010\PROJECTS\QENGINE\OBJ\DEBUG\QXML.OBJ
C:\Users\avansc\Desktop\quad2010\projects\qengine\obj\Debug\rc.command.1.tlog
C:\Users\avansc\Desktop\quad2010\projects\qengine\obj\Debug\rc.read.1.tlog
C:\Users\avansc\Desktop\quad2010\projects\qengine\obj\Debug\rc.write.1.tlog
C:\USERS\AVANSC\DESKTOP\QUAD2010\PROJECTS\QENGINE\OBJ\DEBUG\SCRIPTANY.OBJ
C:\USERS\AVANSC\DESKTOP\QUAD2010\PROJECTS\QENGINE\OBJ\DEBUG\SCRIPTARRAY.OBJ
C:\USERS\AVANSC\DESKTOP\QUAD2010\PROJECTS\QENGINE\OBJ\DEBUG\SCRIPTBUILDER.OBJ
C:\USERS\AVANSC\DESKTOP\QUAD2010\PROJECTS\QENGINE\OBJ\DEBUG\SCRIPTDICTIONARY.OBJ
C:\USERS\AVANSC\DESKTOP\QUAD2010\PROJECTS\QENGINE\OBJ\DEBUG\SCRIPTFILE.OBJ
C:\USERS\AVANSC\DESKTOP\QUAD2010\PROJECTS\QENGINE\OBJ\DEBUG\SCRIPTHELPER.OBJ
C:\USERS\AVANSC\DESKTOP\QUAD2010\PROJECTS\QENGINE\OBJ\DEBUG\SCRIPTMATH.OBJ
C:\USERS\AVANSC\DESKTOP\QUAD2010\PROJECTS\QENGINE\OBJ\DEBUG\SCRIPTMATH3D.OBJ
C:\USERS\AVANSC\DESKTOP\QUAD2010\PROJECTS\QENGINE\OBJ\DEBUG\SCRIPTSTDSTRING.OBJ
C:\USERS\AVANSC\DESKTOP\QUAD2010\PROJECTS\QENGINE\OBJ\DEBUG\SCRIPTSTRING.OBJ
C:\USERS\AVANSC\DESKTOP\QUAD2010\PROJECTS\QENGINE\OBJ\DEBUG\SCRIPTSTRING_UTILS.OBJ
C:\USERS\AVANSC\DESKTOP\QUAD2010\PROJECTS\QENGINE\OBJ\DEBUG\STDAFX.OBJ
C:\Users\avansc\Desktop\quad2010\projects\qengine\obj\Debug\vc100.idb
C:\USERS\AVANSC\DESKTOP\QUAD2010\PROJECTS\QENGINE\OBJ\DEBUG\VC100.PDB
