C:\Program Files (x86)\MSBuild\Microsoft.Cpp\v4.0\Microsoft.CppBuild.targets(299,5): warning MSB8004: Output Directory does not end with a trailing slash.  This build instance will add the slash as it is required to allow proper evaluation of the Output Directory.
c:\users\avansc\desktop\quad2010\projects\qengine\include\qxml.h(48): warning C4251: 'CXMLNodeHandler::m_vNodes' : class 'std::vector<_Ty>' needs to have dll-interface to be used by clients of class 'CXMLNodeHandler'
c:\users\avansc\desktop\quad2010\projects\qengine\include\qxml.h(104): warning C4251: 'CXMLNode::m_strName' : class 'std::basic_string<_Elem,_Traits,_Ax>' needs to have dll-interface to be used by clients of class 'CXMLNode'
c:\users\avansc\desktop\quad2010\projects\qengine\include\qxml.h(108): warning C4251: 'CXMLNode::m_mAttributes' : class 'stdext::hash_map<_Kty,_Ty>' needs to have dll-interface to be used by clients of class 'CXMLNode'
c:\users\avansc\desktop\quad2010\projects\qengine\include\qxml.h(109): warning C4251: 'CXMLNode::m_vContents' : class 'std::vector<_Ty>' needs to have dll-interface to be used by clients of class 'CXMLNode'
c:\users\avansc\desktop\quad2010\projects\qengine\include\qxml.h(132): warning C4251: 'CXML::m_vRawData' : class 'std::vector<_Ty>' needs to have dll-interface to be used by clients of class 'CXML'
c:\users\avansc\desktop\quad2010\projects\qengine\include\qxml.h(142): warning C4251: 'CXML::m_mURIs' : class 'std::map<_Kty,_Ty>' needs to have dll-interface to be used by clients of class 'CXML'
c:\users\avansc\desktop\quad2010\projects\qengine\include\qvertexbuffer.h(111): warning C4275: non dll-interface class 'CQuadrionResource' used as base for dll-interface class 'CQuadrionVertexBuffer'
c:\users\avansc\desktop\quad2010\projects\qengine\include\qvertexbuffer.h(282): warning C4275: non dll-interface class 'CQuadrionResource' used as base for dll-interface class 'CQuadrionInstancedVertexBuffer'
c:\users\avansc\desktop\quad2010\projects\qengine\include\qtexture.h(229): warning C4251: 'CQuadrionTextureFile::pixels' : class 'std::vector<_Ty>' needs to have dll-interface to be used by clients of class 'CQuadrionTextureFile'
c:\users\avansc\desktop\quad2010\projects\qengine\include\qtexture.h(230): warning C4251: 'CQuadrionTextureFile::normalMap' : class 'std::vector<_Ty>' needs to have dll-interface to be used by clients of class 'CQuadrionTextureFile'
c:\users\avansc\desktop\quad2010\projects\qengine\include\qtexture.h(233): warning C4251: 'CQuadrionTextureFile::fileName' : class 'std::basic_string<_Elem,_Traits,_Ax>' needs to have dll-interface to be used by clients of class 'CQuadrionTextureFile'
c:\users\avansc\desktop\quad2010\projects\qengine\include\qtexture.h(234): warning C4251: 'CQuadrionTextureFile::m_pathName' : class 'std::basic_string<_Elem,_Traits,_Ax>' needs to have dll-interface to be used by clients of class 'CQuadrionTextureFile'
c:\users\avansc\desktop\quad2010\projects\qengine\include\qtexture.h(276): warning C4275: non dll-interface class 'CQuadrionResource' used as base for dll-interface class 'CQuadrionTextureObject'
c:\users\avansc\desktop\quad2010\projects\qengine\include\qtexture.h(459): warning C4275: non dll-interface class 'CQuadrionResource' used as base for dll-interface class 'CQuadrionDepthStencilTarget'
c:\users\avansc\desktop\quad2010\projects\qengine\include\qeffect.h(82): warning C4275: non dll-interface class 'CQuadrionResource' used as base for dll-interface class 'CQuadrionEffect'
c:\users\avansc\desktop\quad2010\projects\qengine\include\qeffect.h(172): warning C4251: 'CQuadrionEffect::m_effectPath' : class 'std::basic_string<_Elem,_Traits,_Ax>' needs to have dll-interface to be used by clients of class 'CQuadrionEffect'
c:\users\avansc\desktop\quad2010\projects\qengine\include\qeffect.h(182): warning C4251: 'CQuadrionEffect::m_effectParameterNames' : class 'std::basic_string<_Elem,_Traits,_Ax>' needs to have dll-interface to be used by clients of class 'CQuadrionEffect'
c:\users\avansc\desktop\quad2010\projects\qengine\include\qindexbuffer.h(44): warning C4275: non dll-interface class 'CQuadrionResource' used as base for dll-interface class 'CQuadrionIndexBuffer'
c:\users\avansc\desktop\quad2010\projects\qengine\include\qrender.h(555): warning C4251: 'CQuadrionRender::m_swapChains' : class 'std::vector<_Ty>' needs to have dll-interface to be used by clients of class 'CQuadrionRender'
c:\users\avansc\desktop\quad2010\projects\qengine\include\qrender.h(556): warning C4251: 'CQuadrionRender::m_swapDepthStencils' : class 'std::vector<_Ty>' needs to have dll-interface to be used by clients of class 'CQuadrionRender'
c:\users\avansc\desktop\quad2010\projects\qengine\include\qrender.h(560): warning C4251: 'CQuadrionRender::m_userFVFs' : class 'std::vector<_Ty>' needs to have dll-interface to be used by clients of class 'CQuadrionRender'
c:\users\avansc\desktop\quad2010\projects\qengine\include\qrender.h(618): warning C4251: 'CQuadrionRender::m_fontList' : class 'std::vector<_Ty>' needs to have dll-interface to be used by clients of class 'CQuadrionRender'
c:\users\avansc\desktop\quad2010\projects\qengine\include\qrender.h(619): warning C4251: 'CQuadrionRender::m_spriteList' : class 'std::vector<_Ty>' needs to have dll-interface to be used by clients of class 'CQuadrionRender'
c:\users\avansc\desktop\quad2010\projects\qengine\src\qvertexbuffer.cpp(346): warning C4018: '<' : signed/unsigned mismatch
c:\users\avansc\desktop\quad2010\projects\qengine\src\qvertexbuffer.cpp(366): warning C4018: '>=' : signed/unsigned mismatch
c:\users\avansc\desktop\quad2010\projects\qengine\src\qvertexbuffer.cpp(525): warning C4018: '<' : signed/unsigned mismatch
c:\users\avansc\desktop\quad2010\projects\qengine\src\qvertexbuffer.cpp(834): warning C4018: '<' : signed/unsigned mismatch
c:\users\avansc\desktop\quad2010\projects\qengine\src\qvertexbuffer.cpp(1114): warning C4018: '<' : signed/unsigned mismatch
c:\users\avansc\desktop\quad2010\projects\qengine\src\qvertexbuffer.cpp(1121): warning C4018: '<' : signed/unsigned mismatch
c:\users\avansc\desktop\quad2010\projects\qengine\src\qvertexbuffer.cpp(1321): warning C4018: '<' : signed/unsigned mismatch
c:\users\avansc\desktop\quad2010\projects\qengine\src\qvertexbuffer.cpp(1338): warning C4018: '<' : signed/unsigned mismatch
c:\users\avansc\desktop\quad2010\projects\qengine\include\qtexture.h(229): warning C4251: 'CQuadrionTextureFile::pixels' : class 'std::vector<_Ty>' needs to have dll-interface to be used by clients of class 'CQuadrionTextureFile'
c:\users\avansc\desktop\quad2010\projects\qengine\include\qtexture.h(230): warning C4251: 'CQuadrionTextureFile::normalMap' : class 'std::vector<_Ty>' needs to have dll-interface to be used by clients of class 'CQuadrionTextureFile'
c:\users\avansc\desktop\quad2010\projects\qengine\include\qtexture.h(233): warning C4251: 'CQuadrionTextureFile::fileName' : class 'std::basic_string<_Elem,_Traits,_Ax>' needs to have dll-interface to be used by clients of class 'CQuadrionTextureFile'
c:\users\avansc\desktop\quad2010\projects\qengine\include\qtexture.h(234): warning C4251: 'CQuadrionTextureFile::m_pathName' : class 'std::basic_string<_Elem,_Traits,_Ax>' needs to have dll-interface to be used by clients of class 'CQuadrionTextureFile'
c:\users\avansc\desktop\quad2010\projects\qengine\include\qtexture.h(276): warning C4275: non dll-interface class 'CQuadrionResource' used as base for dll-interface class 'CQuadrionTextureObject'
c:\users\avansc\desktop\quad2010\projects\qengine\include\qtexture.h(459): warning C4275: non dll-interface class 'CQuadrionResource' used as base for dll-interface class 'CQuadrionDepthStencilTarget'
c:\users\avansc\desktop\quad2010\projects\qengine\include\qeffect.h(82): warning C4275: non dll-interface class 'CQuadrionResource' used as base for dll-interface class 'CQuadrionEffect'
c:\users\avansc\desktop\quad2010\projects\qengine\include\qeffect.h(172): warning C4251: 'CQuadrionEffect::m_effectPath' : class 'std::basic_string<_Elem,_Traits,_Ax>' needs to have dll-interface to be used by clients of class 'CQuadrionEffect'
c:\users\avansc\desktop\quad2010\projects\qengine\include\qeffect.h(182): warning C4251: 'CQuadrionEffect::m_effectParameterNames' : class 'std::basic_string<_Elem,_Traits,_Ax>' needs to have dll-interface to be used by clients of class 'CQuadrionEffect'
c:\users\avansc\desktop\quad2010\projects\qengine\include\qvertexbuffer.h(111): warning C4275: non dll-interface class 'CQuadrionResource' used as base for dll-interface class 'CQuadrionVertexBuffer'
c:\users\avansc\desktop\quad2010\projects\qengine\include\qvertexbuffer.h(282): warning C4275: non dll-interface class 'CQuadrionResource' used as base for dll-interface class 'CQuadrionInstancedVertexBuffer'
c:\users\avansc\desktop\quad2010\projects\qengine\include\qindexbuffer.h(44): warning C4275: non dll-interface class 'CQuadrionResource' used as base for dll-interface class 'CQuadrionIndexBuffer'
c:\users\avansc\desktop\quad2010\projects\qengine\include\qrender.h(555): warning C4251: 'CQuadrionRender::m_swapChains' : class 'std::vector<_Ty>' needs to have dll-interface to be used by clients of class 'CQuadrionRender'
c:\users\avansc\desktop\quad2010\projects\qengine\include\qrender.h(556): warning C4251: 'CQuadrionRender::m_swapDepthStencils' : class 'std::vector<_Ty>' needs to have dll-interface to be used by clients of class 'CQuadrionRender'
c:\users\avansc\desktop\quad2010\projects\qengine\include\qrender.h(560): warning C4251: 'CQuadrionRender::m_userFVFs' : class 'std::vector<_Ty>' needs to have dll-interface to be used by clients of class 'CQuadrionRender'
c:\users\avansc\desktop\quad2010\projects\qengine\include\qrender.h(618): warning C4251: 'CQuadrionRender::m_fontList' : class 'std::vector<_Ty>' needs to have dll-interface to be used by clients of class 'CQuadrionRender'
c:\users\avansc\desktop\quad2010\projects\qengine\include\qrender.h(619): warning C4251: 'CQuadrionRender::m_spriteList' : class 'std::vector<_Ty>' needs to have dll-interface to be used by clients of class 'CQuadrionRender'
c:\users\avansc\desktop\quad2010\projects\qengine\include\qtms.h(82): warning C4251: 'cTMS::tasks' : class 'std::vector<_Ty>' needs to have dll-interface to be used by clients of class 'cTMS'
c:\users\avansc\desktop\quad2010\projects\qengine\src\qtms.cpp(73): warning C4018: '<' : signed/unsigned mismatch
c:\users\avansc\desktop\quad2010\projects\qengine\src\qtms.cpp(240): warning C4018: '<' : signed/unsigned mismatch
c:\users\avansc\desktop\quad2010\projects\qengine\include\qtexture.h(229): warning C4251: 'CQuadrionTextureFile::pixels' : class 'std::vector<_Ty>' needs to have dll-interface to be used by clients of class 'CQuadrionTextureFile'
c:\users\avansc\desktop\quad2010\projects\qengine\include\qtexture.h(230): warning C4251: 'CQuadrionTextureFile::normalMap' : class 'std::vector<_Ty>' needs to have dll-interface to be used by clients of class 'CQuadrionTextureFile'
c:\users\avansc\desktop\quad2010\projects\qengine\include\qtexture.h(233): warning C4251: 'CQuadrionTextureFile::fileName' : class 'std::basic_string<_Elem,_Traits,_Ax>' needs to have dll-interface to be used by clients of class 'CQuadrionTextureFile'
c:\users\avansc\desktop\quad2010\projects\qengine\include\qtexture.h(234): warning C4251: 'CQuadrionTextureFile::m_pathName' : class 'std::basic_string<_Elem,_Traits,_Ax>' needs to have dll-interface to be used by clients of class 'CQuadrionTextureFile'
c:\users\avansc\desktop\quad2010\projects\qengine\include\qtexture.h(276): warning C4275: non dll-interface class 'CQuadrionResource' used as base for dll-interface class 'CQuadrionTextureObject'
c:\users\avansc\desktop\quad2010\projects\qengine\include\qtexture.h(459): warning C4275: non dll-interface class 'CQuadrionResource' used as base for dll-interface class 'CQuadrionDepthStencilTarget'
c:\users\avansc\desktop\quad2010\projects\qengine\include\qeffect.h(82): warning C4275: non dll-interface class 'CQuadrionResource' used as base for dll-interface class 'CQuadrionEffect'
c:\users\avansc\desktop\quad2010\projects\qengine\include\qeffect.h(172): warning C4251: 'CQuadrionEffect::m_effectPath' : class 'std::basic_string<_Elem,_Traits,_Ax>' needs to have dll-interface to be used by clients of class 'CQuadrionEffect'
c:\users\avansc\desktop\quad2010\projects\qengine\include\qeffect.h(182): warning C4251: 'CQuadrionEffect::m_effectParameterNames' : class 'std::basic_string<_Elem,_Traits,_Ax>' needs to have dll-interface to be used by clients of class 'CQuadrionEffect'
c:\users\avansc\desktop\quad2010\projects\qengine\include\qvertexbuffer.h(111): warning C4275: non dll-interface class 'CQuadrionResource' used as base for dll-interface class 'CQuadrionVertexBuffer'
c:\users\avansc\desktop\quad2010\projects\qengine\include\qvertexbuffer.h(282): warning C4275: non dll-interface class 'CQuadrionResource' used as base for dll-interface class 'CQuadrionInstancedVertexBuffer'
c:\users\avansc\desktop\quad2010\projects\qengine\include\qindexbuffer.h(44): warning C4275: non dll-interface class 'CQuadrionResource' used as base for dll-interface class 'CQuadrionIndexBuffer'
c:\users\avansc\desktop\quad2010\projects\qengine\include\qrender.h(555): warning C4251: 'CQuadrionRender::m_swapChains' : class 'std::vector<_Ty>' needs to have dll-interface to be used by clients of class 'CQuadrionRender'
c:\users\avansc\desktop\quad2010\projects\qengine\include\qrender.h(556): warning C4251: 'CQuadrionRender::m_swapDepthStencils' : class 'std::vector<_Ty>' needs to have dll-interface to be used by clients of class 'CQuadrionRender'
c:\users\avansc\desktop\quad2010\projects\qengine\include\qrender.h(560): warning C4251: 'CQuadrionRender::m_userFVFs' : class 'std::vector<_Ty>' needs to have dll-interface to be used by clients of class 'CQuadrionRender'
c:\users\avansc\desktop\quad2010\projects\qengine\include\qrender.h(618): warning C4251: 'CQuadrionRender::m_fontList' : class 'std::vector<_Ty>' needs to have dll-interface to be used by clients of class 'CQuadrionRender'
c:\users\avansc\desktop\quad2010\projects\qengine\include\qrender.h(619): warning C4251: 'CQuadrionRender::m_spriteList' : class 'std::vector<_Ty>' needs to have dll-interface to be used by clients of class 'CQuadrionRender'
c:\users\avansc\desktop\quad2010\projects\qengine\src\qtexture.cpp(518): warning C4996: 'stricmp': The POSIX name for this item is deprecated. Instead, use the ISO C++ conformant name: _stricmp. See online help for details.
c:\users\avansc\desktop\quad2010\projects\qengine\src\qtexture.cpp(521): warning C4996: 'stricmp': The POSIX name for this item is deprecated. Instead, use the ISO C++ conformant name: _stricmp. See online help for details.
c:\users\avansc\desktop\quad2010\projects\qengine\src\qtexture.cpp(524): warning C4996: 'stricmp': The POSIX name for this item is deprecated. Instead, use the ISO C++ conformant name: _stricmp. See online help for details.
c:\users\avansc\desktop\quad2010\projects\qengine\src\qtexture.cpp(898): warning C4018: '<' : signed/unsigned mismatch
c:\users\avansc\desktop\quad2010\projects\qengine\src\qtexture.cpp(917): warning C4018: '<' : signed/unsigned mismatch
c:\users\avansc\desktop\quad2010\projects\qengine\src\qtexture.cpp(935): warning C4018: '<' : signed/unsigned mismatch
c:\users\avansc\desktop\quad2010\projects\qengine\src\qtexture.cpp(1187): warning C4018: '<' : signed/unsigned mismatch
c:\users\avansc\desktop\quad2010\projects\qengine\src\qtexture.cpp(1205): warning C4018: '<' : signed/unsigned mismatch
c:\users\avansc\desktop\quad2010\projects\qengine\src\qtexture.cpp(1231): warning C4018: '<' : signed/unsigned mismatch
c:\users\avansc\desktop\quad2010\projects\qengine\src\qtexture.cpp(1353): warning C4018: '<' : signed/unsigned mismatch
c:\users\avansc\desktop\quad2010\projects\qengine\src\qtexture.cpp(1441): warning C4018: '<' : signed/unsigned mismatch
c:\users\avansc\desktop\quad2010\projects\qengine\src\qtexture.cpp(1634): warning C4800: 'unsigned int' : forcing value to bool 'true' or 'false' (performance warning)
c:\users\avansc\desktop\quad2010\projects\qengine\src\qtexture.cpp(1783): warning C4800: 'unsigned int' : forcing value to bool 'true' or 'false' (performance warning)
c:\users\avansc\desktop\quad2010\projects\qengine\include\qscriptmodule.h(43): warning C4251: 'qscriptmodule::name' : class 'std::basic_string<_Elem,_Traits,_Ax>' needs to have dll-interface to be used by clients of class 'qscriptmodule'
c:\users\avansc\desktop\quad2010\projects\qengine\include\qscriptengine.h(70): warning C4099: 'asSMessageInfo' : type name first seen using 'struct' now seen using 'class'
c:\users\avansc\desktop\quad2010\projects\qengine\include\qscriptmodule.h(43): warning C4251: 'qscriptmodule::name' : class 'std::basic_string<_Elem,_Traits,_Ax>' needs to have dll-interface to be used by clients of class 'qscriptmodule'
c:\users\avansc\desktop\quad2010\projects\qengine\include\qtexture.h(229): warning C4251: 'CQuadrionTextureFile::pixels' : class 'std::vector<_Ty>' needs to have dll-interface to be used by clients of class 'CQuadrionTextureFile'
c:\users\avansc\desktop\quad2010\projects\qengine\include\qtexture.h(230): warning C4251: 'CQuadrionTextureFile::normalMap' : class 'std::vector<_Ty>' needs to have dll-interface to be used by clients of class 'CQuadrionTextureFile'
c:\users\avansc\desktop\quad2010\projects\qengine\include\qtexture.h(233): warning C4251: 'CQuadrionTextureFile::fileName' : class 'std::basic_string<_Elem,_Traits,_Ax>' needs to have dll-interface to be used by clients of class 'CQuadrionTextureFile'
c:\users\avansc\desktop\quad2010\projects\qengine\include\qtexture.h(234): warning C4251: 'CQuadrionTextureFile::m_pathName' : class 'std::basic_string<_Elem,_Traits,_Ax>' needs to have dll-interface to be used by clients of class 'CQuadrionTextureFile'
c:\users\avansc\desktop\quad2010\projects\qengine\include\qtexture.h(276): warning C4275: non dll-interface class 'CQuadrionResource' used as base for dll-interface class 'CQuadrionTextureObject'
c:\users\avansc\desktop\quad2010\projects\qengine\include\qtexture.h(459): warning C4275: non dll-interface class 'CQuadrionResource' used as base for dll-interface class 'CQuadrionDepthStencilTarget'
c:\users\avansc\desktop\quad2010\projects\qengine\include\qeffect.h(82): warning C4275: non dll-interface class 'CQuadrionResource' used as base for dll-interface class 'CQuadrionEffect'
c:\users\avansc\desktop\quad2010\projects\qengine\include\qeffect.h(172): warning C4251: 'CQuadrionEffect::m_effectPath' : class 'std::basic_string<_Elem,_Traits,_Ax>' needs to have dll-interface to be used by clients of class 'CQuadrionEffect'
c:\users\avansc\desktop\quad2010\projects\qengine\include\qeffect.h(182): warning C4251: 'CQuadrionEffect::m_effectParameterNames' : class 'std::basic_string<_Elem,_Traits,_Ax>' needs to have dll-interface to be used by clients of class 'CQuadrionEffect'
c:\users\avansc\desktop\quad2010\projects\qengine\include\qvertexbuffer.h(111): warning C4275: non dll-interface class 'CQuadrionResource' used as base for dll-interface class 'CQuadrionVertexBuffer'
c:\users\avansc\desktop\quad2010\projects\qengine\include\qvertexbuffer.h(282): warning C4275: non dll-interface class 'CQuadrionResource' used as base for dll-interface class 'CQuadrionInstancedVertexBuffer'
c:\users\avansc\desktop\quad2010\projects\qengine\include\qindexbuffer.h(44): warning C4275: non dll-interface class 'CQuadrionResource' used as base for dll-interface class 'CQuadrionIndexBuffer'
c:\users\avansc\desktop\quad2010\projects\qengine\include\qrender.h(555): warning C4251: 'CQuadrionRender::m_swapChains' : class 'std::vector<_Ty>' needs to have dll-interface to be used by clients of class 'CQuadrionRender'
c:\users\avansc\desktop\quad2010\projects\qengine\include\qrender.h(556): warning C4251: 'CQuadrionRender::m_swapDepthStencils' : class 'std::vector<_Ty>' needs to have dll-interface to be used by clients of class 'CQuadrionRender'
c:\users\avansc\desktop\quad2010\projects\qengine\include\qrender.h(560): warning C4251: 'CQuadrionRender::m_userFVFs' : class 'std::vector<_Ty>' needs to have dll-interface to be used by clients of class 'CQuadrionRender'
c:\users\avansc\desktop\quad2010\projects\qengine\include\qrender.h(618): warning C4251: 'CQuadrionRender::m_fontList' : class 'std::vector<_Ty>' needs to have dll-interface to be used by clients of class 'CQuadrionRender'
c:\users\avansc\desktop\quad2010\projects\qengine\include\qrender.h(619): warning C4251: 'CQuadrionRender::m_spriteList' : class 'std::vector<_Ty>' needs to have dll-interface to be used by clients of class 'CQuadrionRender'
c:\users\avansc\desktop\quad2010\projects\qengine\include\qtms.h(82): warning C4251: 'cTMS::tasks' : class 'std::vector<_Ty>' needs to have dll-interface to be used by clients of class 'cTMS'
c:\users\avansc\desktop\quad2010\projects\qengine\src\qrender.cpp(631): warning C4018: '>' : signed/unsigned mismatch
c:\users\avansc\desktop\quad2010\projects\qengine\src\qrender.cpp(780): warning C4018: '<' : signed/unsigned mismatch
c:\users\avansc\desktop\quad2010\projects\qengine\src\qrender.cpp(789): warning C4018: '<' : signed/unsigned mismatch
c:\users\avansc\desktop\quad2010\projects\qengine\src\qrender.cpp(2427): warning C4996: 'itoa': The POSIX name for this item is deprecated. Instead, use the ISO C++ conformant name: _itoa. See online help for details.
c:\users\avansc\desktop\quad2010\projects\qengine\src\qrender.cpp(2455): warning C4996: 'itoa': The POSIX name for this item is deprecated. Instead, use the ISO C++ conformant name: _itoa. See online help for details.
c:\users\avansc\desktop\quad2010\projects\qengine\src\qrender.cpp(2483): warning C4996: 'itoa': The POSIX name for this item is deprecated. Instead, use the ISO C++ conformant name: _itoa. See online help for details.
c:\users\avansc\desktop\quad2010\projects\qengine\src\qrender.cpp(2511): warning C4996: 'itoa': The POSIX name for this item is deprecated. Instead, use the ISO C++ conformant name: _itoa. See online help for details.
c:\users\avansc\desktop\quad2010\projects\qengine\src\qrender.cpp(2555): warning C4996: 'itoa': The POSIX name for this item is deprecated. Instead, use the ISO C++ conformant name: _itoa. See online help for details.
c:\users\avansc\desktop\quad2010\projects\qengine\src\qrender.cpp(2656): warning C4996: 'itoa': The POSIX name for this item is deprecated. Instead, use the ISO C++ conformant name: _itoa. See online help for details.
c:\users\avansc\desktop\quad2010\projects\qengine\src\qrender.cpp(2746): warning C4996: 'itoa': The POSIX name for this item is deprecated. Instead, use the ISO C++ conformant name: _itoa. See online help for details.
c:\users\avansc\desktop\quad2010\projects\qengine\src\qrender.cpp(2875): warning C4996: 'itoa': The POSIX name for this item is deprecated. Instead, use the ISO C++ conformant name: _itoa. See online help for details.
c:\users\avansc\desktop\quad2010\projects\qengine\src\qrender.cpp(2940): warning C4996: 'itoa': The POSIX name for this item is deprecated. Instead, use the ISO C++ conformant name: _itoa. See online help for details.
c:\program files (x86)\microsoft visual studio 10.0\vc\include\xmemory(201): warning C4506: no definition for inline function 'cTMS *cTMS::Instance(void)'
c:\users\avansc\desktop\quad2010\projects\qengine\include\qtexture.h(229): warning C4251: 'CQuadrionTextureFile::pixels' : class 'std::vector<_Ty>' needs to have dll-interface to be used by clients of class 'CQuadrionTextureFile'
c:\users\avansc\desktop\quad2010\projects\qengine\include\qtexture.h(230): warning C4251: 'CQuadrionTextureFile::normalMap' : class 'std::vector<_Ty>' needs to have dll-interface to be used by clients of class 'CQuadrionTextureFile'
c:\users\avansc\desktop\quad2010\projects\qengine\include\qtexture.h(233): warning C4251: 'CQuadrionTextureFile::fileName' : class 'std::basic_string<_Elem,_Traits,_Ax>' needs to have dll-interface to be used by clients of class 'CQuadrionTextureFile'
c:\users\avansc\desktop\quad2010\projects\qengine\include\qtexture.h(234): warning C4251: 'CQuadrionTextureFile::m_pathName' : class 'std::basic_string<_Elem,_Traits,_Ax>' needs to have dll-interface to be used by clients of class 'CQuadrionTextureFile'
c:\users\avansc\desktop\quad2010\projects\qengine\include\qtexture.h(276): warning C4275: non dll-interface class 'CQuadrionResource' used as base for dll-interface class 'CQuadrionTextureObject'
c:\users\avansc\desktop\quad2010\projects\qengine\include\qtexture.h(459): warning C4275: non dll-interface class 'CQuadrionResource' used as base for dll-interface class 'CQuadrionDepthStencilTarget'
c:\users\avansc\desktop\quad2010\projects\qengine\include\qeffect.h(82): warning C4275: non dll-interface class 'CQuadrionResource' used as base for dll-interface class 'CQuadrionEffect'
c:\users\avansc\desktop\quad2010\projects\qengine\include\qeffect.h(172): warning C4251: 'CQuadrionEffect::m_effectPath' : class 'std::basic_string<_Elem,_Traits,_Ax>' needs to have dll-interface to be used by clients of class 'CQuadrionEffect'
c:\users\avansc\desktop\quad2010\projects\qengine\include\qeffect.h(182): warning C4251: 'CQuadrionEffect::m_effectParameterNames' : class 'std::basic_string<_Elem,_Traits,_Ax>' needs to have dll-interface to be used by clients of class 'CQuadrionEffect'
c:\users\avansc\desktop\quad2010\projects\qengine\include\qvertexbuffer.h(111): warning C4275: non dll-interface class 'CQuadrionResource' used as base for dll-interface class 'CQuadrionVertexBuffer'
c:\users\avansc\desktop\quad2010\projects\qengine\include\qvertexbuffer.h(282): warning C4275: non dll-interface class 'CQuadrionResource' used as base for dll-interface class 'CQuadrionInstancedVertexBuffer'
c:\users\avansc\desktop\quad2010\projects\qengine\include\qindexbuffer.h(44): warning C4275: non dll-interface class 'CQuadrionResource' used as base for dll-interface class 'CQuadrionIndexBuffer'
c:\users\avansc\desktop\quad2010\projects\qengine\include\qrender.h(555): warning C4251: 'CQuadrionRender::m_swapChains' : class 'std::vector<_Ty>' needs to have dll-interface to be used by clients of class 'CQuadrionRender'
c:\users\avansc\desktop\quad2010\projects\qengine\include\qrender.h(556): warning C4251: 'CQuadrionRender::m_swapDepthStencils' : class 'std::vector<_Ty>' needs to have dll-interface to be used by clients of class 'CQuadrionRender'
c:\users\avansc\desktop\quad2010\projects\qengine\include\qrender.h(560): warning C4251: 'CQuadrionRender::m_userFVFs' : class 'std::vector<_Ty>' needs to have dll-interface to be used by clients of class 'CQuadrionRender'
c:\users\avansc\desktop\quad2010\projects\qengine\include\qrender.h(618): warning C4251: 'CQuadrionRender::m_fontList' : class 'std::vector<_Ty>' needs to have dll-interface to be used by clients of class 'CQuadrionRender'
c:\users\avansc\desktop\quad2010\projects\qengine\include\qrender.h(619): warning C4251: 'CQuadrionRender::m_spriteList' : class 'std::vector<_Ty>' needs to have dll-interface to be used by clients of class 'CQuadrionRender'
c:\users\avansc\desktop\quad2010\projects\qengine\include\qmodelobject.h(75): warning C4251: 'CModelObject::m_fileName' : class 'std::basic_string<_Elem,_Traits,_Ax>' needs to have dll-interface to be used by clients of class 'CModelObject'
c:\users\avansc\desktop\quad2010\projects\qengine\include\qmodelobject.h(76): warning C4251: 'CModelObject::m_filePath' : class 'std::basic_string<_Elem,_Traits,_Ax>' needs to have dll-interface to be used by clients of class 'CModelObject'
c:\users\avansc\desktop\quad2010\projects\qengine\include\qmodelobject.h(146): warning C4251: 'CModelManager::m_modelMap' : class 'std::map<_Kty,_Ty,_Pr>' needs to have dll-interface to be used by clients of class 'CModelManager'
c:\users\avansc\desktop\quad2010\projects\qengine\include\qmodelobject.h(147): warning C4251: 'CModelManager::m_effectPath' : class 'std::basic_string<_Elem,_Traits,_Ax>' needs to have dll-interface to be used by clients of class 'CModelManager'
c:\users\avansc\desktop\quad2010\projects\qengine\include\qxml.h(48): warning C4251: 'CXMLNodeHandler::m_vNodes' : class 'std::vector<_Ty>' needs to have dll-interface to be used by clients of class 'CXMLNodeHandler'
c:\users\avansc\desktop\quad2010\projects\qengine\include\qxml.h(104): warning C4251: 'CXMLNode::m_strName' : class 'std::basic_string<_Elem,_Traits,_Ax>' needs to have dll-interface to be used by clients of class 'CXMLNode'
c:\users\avansc\desktop\quad2010\projects\qengine\include\qxml.h(108): warning C4251: 'CXMLNode::m_mAttributes' : class 'stdext::hash_map<_Kty,_Ty>' needs to have dll-interface to be used by clients of class 'CXMLNode'
c:\users\avansc\desktop\quad2010\projects\qengine\include\qxml.h(109): warning C4251: 'CXMLNode::m_vContents' : class 'std::vector<_Ty>' needs to have dll-interface to be used by clients of class 'CXMLNode'
c:\users\avansc\desktop\quad2010\projects\qengine\include\qxml.h(132): warning C4251: 'CXML::m_vRawData' : class 'std::vector<_Ty>' needs to have dll-interface to be used by clients of class 'CXML'
c:\users\avansc\desktop\quad2010\projects\qengine\include\qxml.h(142): warning C4251: 'CXML::m_mURIs' : class 'std::map<_Kty,_Ty>' needs to have dll-interface to be used by clients of class 'CXML'
c:\users\avansc\desktop\quad2010\projects\qengine\include\qalgorithm.h(54): warning C4251: 'CTreeNode<T>::m_vChildNodes' : class 'std::vector<CTreeNode<T>>' needs to have dll-interface to be used by clients of class 'CTreeNode<T>'
c:\users\avansc\desktop\quad2010\projects\qengine\include\qalgorithm.h(89): warning C4251: 'CTree<T>::m_pRootNodes' : class 'std::vector<CTreeNode<T>>' needs to have dll-interface to be used by clients of class 'CTree<T>'
c:\users\avansc\desktop\quad2010\projects\qengine\include\qmodel.h(70): warning C4251: 'CQuadrionModel::m_sName' : class 'std::basic_string<_Elem,_Traits,_Ax>' needs to have dll-interface to be used by clients of class 'CQuadrionModel'
c:\users\avansc\desktop\quad2010\projects\qengine\include\qmodel.h(70): warning C4251: 'CQuadrionModel::m_sPath' : class 'std::basic_string<_Elem,_Traits,_Ax>' needs to have dll-interface to be used by clients of class 'CQuadrionModel'
c:\users\avansc\desktop\quad2010\projects\qengine\include\qmodel.h(100): warning C4251: 'CQuadrionModelManager::m_vModelPool' : class 'std::vector<_Ty>' needs to have dll-interface to be used by clients of class 'CQuadrionModelManager'
c:\users\avansc\desktop\quad2010\projects\qengine\include\qmodel.h(101): warning C4251: 'CQuadrionModelManager::m_vHandles' : class 'std::vector<_Ty>' needs to have dll-interface to be used by clients of class 'CQuadrionModelManager'
c:\users\avansc\desktop\quad2010\projects\qengine\include\qalgorithm.h(89): warning C4251: 'CTree<T>::m_pRootNodes' : class 'std::vector<_Ty>' needs to have dll-interface to be used by clients of class 'CTree<T>'
c:\users\avansc\desktop\quad2010\projects\qengine\include\qmodel.h(123): warning C4251: 'CQuadrionModelAssembler::m_vModels' : class 'std::vector<_Ty>' needs to have dll-interface to be used by clients of class 'CQuadrionModelAssembler'
c:\users\avansc\desktop\quad2010\projects\qengine\include\qmd3.h(129): warning C4251: 'CMD3Surface::m_vTriangles' : class 'std::vector<_Ty>' needs to have dll-interface to be used by clients of class 'CMD3Surface'
c:\users\avansc\desktop\quad2010\projects\qengine\include\qmd3.h(130): warning C4251: 'CMD3Surface::m_vTexCoords' : class 'std::vector<_Ty>' needs to have dll-interface to be used by clients of class 'CMD3Surface'
c:\users\avansc\desktop\quad2010\projects\qengine\include\qmd3.h(132): warning C4251: 'CMD3Surface::m_vVerts' : class 'std::vector<_Ty>' needs to have dll-interface to be used by clients of class 'CMD3Surface'
c:\users\avansc\desktop\quad2010\projects\qengine\include\qmd3.h(154): warning C4251: 'CMD3Frame::m_vTags' : class 'std::vector<_Ty>' needs to have dll-interface to be used by clients of class 'CMD3Frame'
c:\users\avansc\desktop\quad2010\projects\qengine\include\qmd3.h(155): warning C4251: 'CMD3Frame::m_vSurfaces' : class 'std::vector<_Ty>' needs to have dll-interface to be used by clients of class 'CMD3Frame'
c:\users\avansc\desktop\quad2010\projects\qengine\include\qmd3.h(179): warning C4251: 'CMD3Mesh::m_vFrames' : class 'std::vector<_Ty>' needs to have dll-interface to be used by clients of class 'CMD3Mesh'
c:\users\avansc\desktop\quad2010\projects\qengine\include\qmd3.h(183): warning C4251: 'CMD3Mesh::m_sPath' : class 'std::basic_string<_Elem,_Traits,_Ax>' needs to have dll-interface to be used by clients of class 'CMD3Mesh'
c:\users\avansc\desktop\quad2010\projects\qengine\include\q3dsmodel.h(120): warning C4251: 's3DSMaterial::fileName' : class 'std::basic_string<_Elem,_Traits,_Ax>' needs to have dll-interface to be used by clients of struct 's3DSMaterial'
c:\users\avansc\desktop\quad2010\projects\qengine\include\q3dsmodel.h(236): warning C4251: 'c3DSModel::textureHandleList' : class 'std::vector<_Ty>' needs to have dll-interface to be used by clients of class 'c3DSModel'
c:\users\avansc\desktop\quad2010\projects\qengine\include\q3dsmodel.h(237): warning C4251: 'c3DSModel::meshRenderHandles' : class 'std::vector<_Ty>' needs to have dll-interface to be used by clients of class 'c3DSModel'
c:\users\avansc\desktop\quad2010\projects\qengine\include\q3dsmodel.h(239): warning C4251: 'c3DSModel::fileName' : class 'std::basic_string<_Elem,_Traits,_Ax>' needs to have dll-interface to be used by clients of class 'c3DSModel'
c:\users\avansc\desktop\quad2010\projects\qengine\src\qmodelobject.cpp(236): warning C4018: '<' : signed/unsigned mismatch
c:\users\avansc\desktop\quad2010\projects\qengine\include\qalgorithm.h(54): warning C4251: 'CTreeNode<T>::m_vChildNodes' : class 'std::vector<_Ty>' needs to have dll-interface to be used by clients of class 'CTreeNode<T>'
c:\users\avansc\desktop\quad2010\projects\qengine\include\qtexture.h(229): warning C4251: 'CQuadrionTextureFile::pixels' : class 'std::vector<_Ty>' needs to have dll-interface to be used by clients of class 'CQuadrionTextureFile'
c:\users\avansc\desktop\quad2010\projects\qengine\include\qtexture.h(230): warning C4251: 'CQuadrionTextureFile::normalMap' : class 'std::vector<_Ty>' needs to have dll-interface to be used by clients of class 'CQuadrionTextureFile'
c:\users\avansc\desktop\quad2010\projects\qengine\include\qtexture.h(233): warning C4251: 'CQuadrionTextureFile::fileName' : class 'std::basic_string<_Elem,_Traits,_Ax>' needs to have dll-interface to be used by clients of class 'CQuadrionTextureFile'
c:\users\avansc\desktop\quad2010\projects\qengine\include\qtexture.h(234): warning C4251: 'CQuadrionTextureFile::m_pathName' : class 'std::basic_string<_Elem,_Traits,_Ax>' needs to have dll-interface to be used by clients of class 'CQuadrionTextureFile'
c:\users\avansc\desktop\quad2010\projects\qengine\include\qtexture.h(276): warning C4275: non dll-interface class 'CQuadrionResource' used as base for dll-interface class 'CQuadrionTextureObject'
c:\users\avansc\desktop\quad2010\projects\qengine\include\qtexture.h(459): warning C4275: non dll-interface class 'CQuadrionResource' used as base for dll-interface class 'CQuadrionDepthStencilTarget'
c:\users\avansc\desktop\quad2010\projects\qengine\include\qeffect.h(82): warning C4275: non dll-interface class 'CQuadrionResource' used as base for dll-interface class 'CQuadrionEffect'
c:\users\avansc\desktop\quad2010\projects\qengine\include\qeffect.h(172): warning C4251: 'CQuadrionEffect::m_effectPath' : class 'std::basic_string<_Elem,_Traits,_Ax>' needs to have dll-interface to be used by clients of class 'CQuadrionEffect'
c:\users\avansc\desktop\quad2010\projects\qengine\include\qeffect.h(182): warning C4251: 'CQuadrionEffect::m_effectParameterNames' : class 'std::basic_string<_Elem,_Traits,_Ax>' needs to have dll-interface to be used by clients of class 'CQuadrionEffect'
c:\users\avansc\desktop\quad2010\projects\qengine\include\qvertexbuffer.h(111): warning C4275: non dll-interface class 'CQuadrionResource' used as base for dll-interface class 'CQuadrionVertexBuffer'
c:\users\avansc\desktop\quad2010\projects\qengine\include\qvertexbuffer.h(282): warning C4275: non dll-interface class 'CQuadrionResource' used as base for dll-interface class 'CQuadrionInstancedVertexBuffer'
c:\users\avansc\desktop\quad2010\projects\qengine\include\qindexbuffer.h(44): warning C4275: non dll-interface class 'CQuadrionResource' used as base for dll-interface class 'CQuadrionIndexBuffer'
c:\users\avansc\desktop\quad2010\projects\qengine\include\qrender.h(555): warning C4251: 'CQuadrionRender::m_swapChains' : class 'std::vector<_Ty>' needs to have dll-interface to be used by clients of class 'CQuadrionRender'
c:\users\avansc\desktop\quad2010\projects\qengine\include\qrender.h(556): warning C4251: 'CQuadrionRender::m_swapDepthStencils' : class 'std::vector<_Ty>' needs to have dll-interface to be used by clients of class 'CQuadrionRender'
c:\users\avansc\desktop\quad2010\projects\qengine\include\qrender.h(560): warning C4251: 'CQuadrionRender::m_userFVFs' : class 'std::vector<_Ty>' needs to have dll-interface to be used by clients of class 'CQuadrionRender'
c:\users\avansc\desktop\quad2010\projects\qengine\include\qrender.h(618): warning C4251: 'CQuadrionRender::m_fontList' : class 'std::vector<_Ty>' needs to have dll-interface to be used by clients of class 'CQuadrionRender'
c:\users\avansc\desktop\quad2010\projects\qengine\include\qrender.h(619): warning C4251: 'CQuadrionRender::m_spriteList' : class 'std::vector<_Ty>' needs to have dll-interface to be used by clients of class 'CQuadrionRender'
c:\users\avansc\desktop\quad2010\projects\qengine\include\qalgorithm.h(54): warning C4251: 'CTreeNode<T>::m_vChildNodes' : class 'std::vector<CTreeNode<T>>' needs to have dll-interface to be used by clients of class 'CTreeNode<T>'
c:\users\avansc\desktop\quad2010\projects\qengine\include\qalgorithm.h(89): warning C4251: 'CTree<T>::m_pRootNodes' : class 'std::vector<CTreeNode<T>>' needs to have dll-interface to be used by clients of class 'CTree<T>'
c:\users\avansc\desktop\quad2010\projects\qengine\include\qxml.h(48): warning C4251: 'CXMLNodeHandler::m_vNodes' : class 'std::vector<_Ty>' needs to have dll-interface to be used by clients of class 'CXMLNodeHandler'
c:\users\avansc\desktop\quad2010\projects\qengine\include\qxml.h(104): warning C4251: 'CXMLNode::m_strName' : class 'std::basic_string<_Elem,_Traits,_Ax>' needs to have dll-interface to be used by clients of class 'CXMLNode'
c:\users\avansc\desktop\quad2010\projects\qengine\include\qxml.h(108): warning C4251: 'CXMLNode::m_mAttributes' : class 'stdext::hash_map<_Kty,_Ty>' needs to have dll-interface to be used by clients of class 'CXMLNode'
c:\users\avansc\desktop\quad2010\projects\qengine\include\qxml.h(109): warning C4251: 'CXMLNode::m_vContents' : class 'std::vector<_Ty>' needs to have dll-interface to be used by clients of class 'CXMLNode'
c:\users\avansc\desktop\quad2010\projects\qengine\include\qxml.h(132): warning C4251: 'CXML::m_vRawData' : class 'std::vector<_Ty>' needs to have dll-interface to be used by clients of class 'CXML'
c:\users\avansc\desktop\quad2010\projects\qengine\include\qxml.h(142): warning C4251: 'CXML::m_mURIs' : class 'std::map<_Kty,_Ty>' needs to have dll-interface to be used by clients of class 'CXML'
c:\users\avansc\desktop\quad2010\projects\qengine\include\qmodel.h(70): warning C4251: 'CQuadrionModel::m_sName' : class 'std::basic_string<_Elem,_Traits,_Ax>' needs to have dll-interface to be used by clients of class 'CQuadrionModel'
c:\users\avansc\desktop\quad2010\projects\qengine\include\qmodel.h(70): warning C4251: 'CQuadrionModel::m_sPath' : class 'std::basic_string<_Elem,_Traits,_Ax>' needs to have dll-interface to be used by clients of class 'CQuadrionModel'
c:\users\avansc\desktop\quad2010\projects\qengine\include\qmodel.h(100): warning C4251: 'CQuadrionModelManager::m_vModelPool' : class 'std::vector<_Ty>' needs to have dll-interface to be used by clients of class 'CQuadrionModelManager'
c:\users\avansc\desktop\quad2010\projects\qengine\include\qmodel.h(101): warning C4251: 'CQuadrionModelManager::m_vHandles' : class 'std::vector<_Ty>' needs to have dll-interface to be used by clients of class 'CQuadrionModelManager'
c:\users\avansc\desktop\quad2010\projects\qengine\include\qalgorithm.h(89): warning C4251: 'CTree<T>::m_pRootNodes' : class 'std::vector<_Ty>' needs to have dll-interface to be used by clients of class 'CTree<T>'
c:\users\avansc\desktop\quad2010\projects\qengine\include\qmodel.h(123): warning C4251: 'CQuadrionModelAssembler::m_vModels' : class 'std::vector<_Ty>' needs to have dll-interface to be used by clients of class 'CQuadrionModelAssembler'
c:\users\avansc\desktop\quad2010\projects\qengine\include\qmodelobject.h(75): warning C4251: 'CModelObject::m_fileName' : class 'std::basic_string<_Elem,_Traits,_Ax>' needs to have dll-interface to be used by clients of class 'CModelObject'
c:\users\avansc\desktop\quad2010\projects\qengine\include\qmodelobject.h(76): warning C4251: 'CModelObject::m_filePath' : class 'std::basic_string<_Elem,_Traits,_Ax>' needs to have dll-interface to be used by clients of class 'CModelObject'
c:\users\avansc\desktop\quad2010\projects\qengine\include\qmodelobject.h(146): warning C4251: 'CModelManager::m_modelMap' : class 'std::map<_Kty,_Ty,_Pr>' needs to have dll-interface to be used by clients of class 'CModelManager'
c:\users\avansc\desktop\quad2010\projects\qengine\include\qmodelobject.h(147): warning C4251: 'CModelManager::m_effectPath' : class 'std::basic_string<_Elem,_Traits,_Ax>' needs to have dll-interface to be used by clients of class 'CModelManager'
c:\users\avansc\desktop\quad2010\projects\qengine\include\q3dsmodel.h(120): warning C4251: 's3DSMaterial::fileName' : class 'std::basic_string<_Elem,_Traits,_Ax>' needs to have dll-interface to be used by clients of struct 's3DSMaterial'
c:\users\avansc\desktop\quad2010\projects\qengine\include\q3dsmodel.h(236): warning C4251: 'c3DSModel::textureHandleList' : class 'std::vector<_Ty>' needs to have dll-interface to be used by clients of class 'c3DSModel'
c:\users\avansc\desktop\quad2010\projects\qengine\include\q3dsmodel.h(237): warning C4251: 'c3DSModel::meshRenderHandles' : class 'std::vector<_Ty>' needs to have dll-interface to be used by clients of class 'c3DSModel'
c:\users\avansc\desktop\quad2010\projects\qengine\include\q3dsmodel.h(239): warning C4251: 'c3DSModel::fileName' : class 'std::basic_string<_Elem,_Traits,_Ax>' needs to have dll-interface to be used by clients of class 'c3DSModel'
c:\users\avansc\desktop\quad2010\projects\qengine\include\qmd3.h(129): warning C4251: 'CMD3Surface::m_vTriangles' : class 'std::vector<_Ty>' needs to have dll-interface to be used by clients of class 'CMD3Surface'
c:\users\avansc\desktop\quad2010\projects\qengine\include\qmd3.h(130): warning C4251: 'CMD3Surface::m_vTexCoords' : class 'std::vector<_Ty>' needs to have dll-interface to be used by clients of class 'CMD3Surface'
c:\users\avansc\desktop\quad2010\projects\qengine\include\qmd3.h(132): warning C4251: 'CMD3Surface::m_vVerts' : class 'std::vector<_Ty>' needs to have dll-interface to be used by clients of class 'CMD3Surface'
c:\users\avansc\desktop\quad2010\projects\qengine\include\qmd3.h(154): warning C4251: 'CMD3Frame::m_vTags' : class 'std::vector<_Ty>' needs to have dll-interface to be used by clients of class 'CMD3Frame'
c:\users\avansc\desktop\quad2010\projects\qengine\include\qmd3.h(155): warning C4251: 'CMD3Frame::m_vSurfaces' : class 'std::vector<_Ty>' needs to have dll-interface to be used by clients of class 'CMD3Frame'
c:\users\avansc\desktop\quad2010\projects\qengine\include\qmd3.h(179): warning C4251: 'CMD3Mesh::m_vFrames' : class 'std::vector<_Ty>' needs to have dll-interface to be used by clients of class 'CMD3Mesh'
c:\users\avansc\desktop\quad2010\projects\qengine\include\qmd3.h(183): warning C4251: 'CMD3Mesh::m_sPath' : class 'std::basic_string<_Elem,_Traits,_Ax>' needs to have dll-interface to be used by clients of class 'CMD3Mesh'
c:\users\avansc\desktop\quad2010\projects\qengine\include\qalgorithm.h(54): warning C4251: 'CTreeNode<T>::m_vChildNodes' : class 'std::vector<_Ty>' needs to have dll-interface to be used by clients of class 'CTreeNode<T>'
c:\users\avansc\desktop\quad2010\projects\qengine\include\qtexture.h(229): warning C4251: 'CQuadrionTextureFile::pixels' : class 'std::vector<_Ty>' needs to have dll-interface to be used by clients of class 'CQuadrionTextureFile'
c:\users\avansc\desktop\quad2010\projects\qengine\include\qtexture.h(230): warning C4251: 'CQuadrionTextureFile::normalMap' : class 'std::vector<_Ty>' needs to have dll-interface to be used by clients of class 'CQuadrionTextureFile'
c:\users\avansc\desktop\quad2010\projects\qengine\include\qtexture.h(233): warning C4251: 'CQuadrionTextureFile::fileName' : class 'std::basic_string<_Elem,_Traits,_Ax>' needs to have dll-interface to be used by clients of class 'CQuadrionTextureFile'
c:\users\avansc\desktop\quad2010\projects\qengine\include\qtexture.h(234): warning C4251: 'CQuadrionTextureFile::m_pathName' : class 'std::basic_string<_Elem,_Traits,_Ax>' needs to have dll-interface to be used by clients of class 'CQuadrionTextureFile'
c:\users\avansc\desktop\quad2010\projects\qengine\include\qtexture.h(276): warning C4275: non dll-interface class 'CQuadrionResource' used as base for dll-interface class 'CQuadrionTextureObject'
c:\users\avansc\desktop\quad2010\projects\qengine\include\qtexture.h(459): warning C4275: non dll-interface class 'CQuadrionResource' used as base for dll-interface class 'CQuadrionDepthStencilTarget'
c:\users\avansc\desktop\quad2010\projects\qengine\include\qeffect.h(82): warning C4275: non dll-interface class 'CQuadrionResource' used as base for dll-interface class 'CQuadrionEffect'
c:\users\avansc\desktop\quad2010\projects\qengine\include\qeffect.h(172): warning C4251: 'CQuadrionEffect::m_effectPath' : class 'std::basic_string<_Elem,_Traits,_Ax>' needs to have dll-interface to be used by clients of class 'CQuadrionEffect'
c:\users\avansc\desktop\quad2010\projects\qengine\include\qeffect.h(182): warning C4251: 'CQuadrionEffect::m_effectParameterNames' : class 'std::basic_string<_Elem,_Traits,_Ax>' needs to have dll-interface to be used by clients of class 'CQuadrionEffect'
c:\users\avansc\desktop\quad2010\projects\qengine\include\qvertexbuffer.h(111): warning C4275: non dll-interface class 'CQuadrionResource' used as base for dll-interface class 'CQuadrionVertexBuffer'
c:\users\avansc\desktop\quad2010\projects\qengine\include\qvertexbuffer.h(282): warning C4275: non dll-interface class 'CQuadrionResource' used as base for dll-interface class 'CQuadrionInstancedVertexBuffer'
c:\users\avansc\desktop\quad2010\projects\qengine\include\qindexbuffer.h(44): warning C4275: non dll-interface class 'CQuadrionResource' used as base for dll-interface class 'CQuadrionIndexBuffer'
c:\users\avansc\desktop\quad2010\projects\qengine\include\qrender.h(555): warning C4251: 'CQuadrionRender::m_swapChains' : class 'std::vector<_Ty>' needs to have dll-interface to be used by clients of class 'CQuadrionRender'
c:\users\avansc\desktop\quad2010\projects\qengine\include\qrender.h(556): warning C4251: 'CQuadrionRender::m_swapDepthStencils' : class 'std::vector<_Ty>' needs to have dll-interface to be used by clients of class 'CQuadrionRender'
c:\users\avansc\desktop\quad2010\projects\qengine\include\qrender.h(560): warning C4251: 'CQuadrionRender::m_userFVFs' : class 'std::vector<_Ty>' needs to have dll-interface to be used by clients of class 'CQuadrionRender'
c:\users\avansc\desktop\quad2010\projects\qengine\include\qrender.h(618): warning C4251: 'CQuadrionRender::m_fontList' : class 'std::vector<_Ty>' needs to have dll-interface to be used by clients of class 'CQuadrionRender'
c:\users\avansc\desktop\quad2010\projects\qengine\include\qrender.h(619): warning C4251: 'CQuadrionRender::m_spriteList' : class 'std::vector<_Ty>' needs to have dll-interface to be used by clients of class 'CQuadrionRender'
c:\users\avansc\desktop\quad2010\projects\qengine\include\qmodelobject.h(75): warning C4251: 'CModelObject::m_fileName' : class 'std::basic_string<_Elem,_Traits,_Ax>' needs to have dll-interface to be used by clients of class 'CModelObject'
c:\users\avansc\desktop\quad2010\projects\qengine\include\qmodelobject.h(76): warning C4251: 'CModelObject::m_filePath' : class 'std::basic_string<_Elem,_Traits,_Ax>' needs to have dll-interface to be used by clients of class 'CModelObject'
c:\users\avansc\desktop\quad2010\projects\qengine\include\qmodelobject.h(146): warning C4251: 'CModelManager::m_modelMap' : class 'std::map<_Kty,_Ty,_Pr>' needs to have dll-interface to be used by clients of class 'CModelManager'
c:\users\avansc\desktop\quad2010\projects\qengine\include\qmodelobject.h(147): warning C4251: 'CModelManager::m_effectPath' : class 'std::basic_string<_Elem,_Traits,_Ax>' needs to have dll-interface to be used by clients of class 'CModelManager'
c:\users\avansc\desktop\quad2010\projects\qengine\include\q3dsmodel.h(120): warning C4251: 's3DSMaterial::fileName' : class 'std::basic_string<_Elem,_Traits,_Ax>' needs to have dll-interface to be used by clients of struct 's3DSMaterial'
c:\users\avansc\desktop\quad2010\projects\qengine\include\q3dsmodel.h(236): warning C4251: 'c3DSModel::textureHandleList' : class 'std::vector<_Ty>' needs to have dll-interface to be used by clients of class 'c3DSModel'
c:\users\avansc\desktop\quad2010\projects\qengine\include\q3dsmodel.h(237): warning C4251: 'c3DSModel::meshRenderHandles' : class 'std::vector<_Ty>' needs to have dll-interface to be used by clients of class 'c3DSModel'
c:\users\avansc\desktop\quad2010\projects\qengine\include\q3dsmodel.h(239): warning C4251: 'c3DSModel::fileName' : class 'std::basic_string<_Elem,_Traits,_Ax>' needs to have dll-interface to be used by clients of class 'c3DSModel'
c:\users\avansc\desktop\quad2010\projects\qengine\include\qxml.h(48): warning C4251: 'CXMLNodeHandler::m_vNodes' : class 'std::vector<_Ty>' needs to have dll-interface to be used by clients of class 'CXMLNodeHandler'
c:\users\avansc\desktop\quad2010\projects\qengine\include\qxml.h(104): warning C4251: 'CXMLNode::m_strName' : class 'std::basic_string<_Elem,_Traits,_Ax>' needs to have dll-interface to be used by clients of class 'CXMLNode'
c:\users\avansc\desktop\quad2010\projects\qengine\include\qxml.h(108): warning C4251: 'CXMLNode::m_mAttributes' : class 'stdext::hash_map<_Kty,_Ty>' needs to have dll-interface to be used by clients of class 'CXMLNode'
c:\users\avansc\desktop\quad2010\projects\qengine\include\qxml.h(109): warning C4251: 'CXMLNode::m_vContents' : class 'std::vector<_Ty>' needs to have dll-interface to be used by clients of class 'CXMLNode'
c:\users\avansc\desktop\quad2010\projects\qengine\include\qxml.h(132): warning C4251: 'CXML::m_vRawData' : class 'std::vector<_Ty>' needs to have dll-interface to be used by clients of class 'CXML'
c:\users\avansc\desktop\quad2010\projects\qengine\include\qxml.h(142): warning C4251: 'CXML::m_mURIs' : class 'std::map<_Kty,_Ty>' needs to have dll-interface to be used by clients of class 'CXML'
c:\users\avansc\desktop\quad2010\projects\qengine\include\qalgorithm.h(54): warning C4251: 'CTreeNode<T>::m_vChildNodes' : class 'std::vector<CTreeNode<T>>' needs to have dll-interface to be used by clients of class 'CTreeNode<T>'
c:\users\avansc\desktop\quad2010\projects\qengine\include\qalgorithm.h(89): warning C4251: 'CTree<T>::m_pRootNodes' : class 'std::vector<CTreeNode<T>>' needs to have dll-interface to be used by clients of class 'CTree<T>'
c:\users\avansc\desktop\quad2010\projects\qengine\include\qmodel.h(70): warning C4251: 'CQuadrionModel::m_sName' : class 'std::basic_string<_Elem,_Traits,_Ax>' needs to have dll-interface to be used by clients of class 'CQuadrionModel'
c:\users\avansc\desktop\quad2010\projects\qengine\include\qmodel.h(70): warning C4251: 'CQuadrionModel::m_sPath' : class 'std::basic_string<_Elem,_Traits,_Ax>' needs to have dll-interface to be used by clients of class 'CQuadrionModel'
c:\users\avansc\desktop\quad2010\projects\qengine\include\qmodel.h(100): warning C4251: 'CQuadrionModelManager::m_vModelPool' : class 'std::vector<_Ty>' needs to have dll-interface to be used by clients of class 'CQuadrionModelManager'
c:\users\avansc\desktop\quad2010\projects\qengine\include\qmodel.h(101): warning C4251: 'CQuadrionModelManager::m_vHandles' : class 'std::vector<_Ty>' needs to have dll-interface to be used by clients of class 'CQuadrionModelManager'
c:\users\avansc\desktop\quad2010\projects\qengine\include\qalgorithm.h(89): warning C4251: 'CTree<T>::m_pRootNodes' : class 'std::vector<_Ty>' needs to have dll-interface to be used by clients of class 'CTree<T>'
c:\users\avansc\desktop\quad2010\projects\qengine\include\qmodel.h(123): warning C4251: 'CQuadrionModelAssembler::m_vModels' : class 'std::vector<_Ty>' needs to have dll-interface to be used by clients of class 'CQuadrionModelAssembler'
c:\users\avansc\desktop\quad2010\projects\qengine\include\qmd3.h(129): warning C4251: 'CMD3Surface::m_vTriangles' : class 'std::vector<_Ty>' needs to have dll-interface to be used by clients of class 'CMD3Surface'
c:\users\avansc\desktop\quad2010\projects\qengine\include\qmd3.h(130): warning C4251: 'CMD3Surface::m_vTexCoords' : class 'std::vector<_Ty>' needs to have dll-interface to be used by clients of class 'CMD3Surface'
c:\users\avansc\desktop\quad2010\projects\qengine\include\qmd3.h(132): warning C4251: 'CMD3Surface::m_vVerts' : class 'std::vector<_Ty>' needs to have dll-interface to be used by clients of class 'CMD3Surface'
c:\users\avansc\desktop\quad2010\projects\qengine\include\qmd3.h(154): warning C4251: 'CMD3Frame::m_vTags' : class 'std::vector<_Ty>' needs to have dll-interface to be used by clients of class 'CMD3Frame'
c:\users\avansc\desktop\quad2010\projects\qengine\include\qmd3.h(155): warning C4251: 'CMD3Frame::m_vSurfaces' : class 'std::vector<_Ty>' needs to have dll-interface to be used by clients of class 'CMD3Frame'
c:\users\avansc\desktop\quad2010\projects\qengine\include\qmd3.h(179): warning C4251: 'CMD3Mesh::m_vFrames' : class 'std::vector<_Ty>' needs to have dll-interface to be used by clients of class 'CMD3Mesh'
c:\users\avansc\desktop\quad2010\projects\qengine\include\qmd3.h(183): warning C4251: 'CMD3Mesh::m_sPath' : class 'std::basic_string<_Elem,_Traits,_Ax>' needs to have dll-interface to be used by clients of class 'CMD3Mesh'
c:\users\avansc\desktop\quad2010\projects\qengine\src\qmd3.cpp(136): warning C4018: '<' : signed/unsigned mismatch
c:\users\avansc\desktop\quad2010\projects\qengine\src\qmd3.cpp(147): warning C4018: '<' : signed/unsigned mismatch
c:\users\avansc\desktop\quad2010\projects\qengine\src\qmd3.cpp(149): warning C4018: '<' : signed/unsigned mismatch
c:\users\avansc\desktop\quad2010\projects\qengine\src\qmd3.cpp(159): warning C4018: '<' : signed/unsigned mismatch
c:\users\avansc\desktop\quad2010\projects\qengine\src\qmd3.cpp(163): warning C4244: 'initializing' : conversion from 'std::streamoff' to 'int', possible loss of data
c:\users\avansc\desktop\quad2010\projects\qengine\src\qmd3.cpp(174): warning C4018: '<' : signed/unsigned mismatch
c:\users\avansc\desktop\quad2010\projects\qengine\src\qmd3.cpp(183): warning C4018: '<' : signed/unsigned mismatch
c:\users\avansc\desktop\quad2010\projects\qengine\src\qmd3.cpp(187): warning C4018: '<' : signed/unsigned mismatch
c:\users\avansc\desktop\quad2010\projects\qengine\src\qmd3.cpp(193): warning C4018: '<' : signed/unsigned mismatch
c:\users\avansc\desktop\quad2010\projects\qengine\src\qmd3.cpp(197): warning C4018: '<' : signed/unsigned mismatch
c:\users\avansc\desktop\quad2010\projects\qengine\src\qmd3.cpp(203): warning C4018: '<' : signed/unsigned mismatch
c:\users\avansc\desktop\quad2010\projects\qengine\src\qmd3.cpp(205): warning C4018: '<' : signed/unsigned mismatch
c:\users\avansc\desktop\quad2010\projects\qengine\src\qmd3.cpp(257): warning C4244: '*=' : conversion from 'float' to 'unsigned char', possible loss of data
c:\users\avansc\desktop\quad2010\projects\qengine\src\qmd3.cpp(258): warning C4244: '*=' : conversion from 'float' to 'unsigned char', possible loss of data
c:\users\avansc\desktop\quad2010\projects\qengine\src\qmd3.cpp(315): warning C4244: 'argument' : conversion from 'float' to 'unsigned int', possible loss of data
c:\users\avansc\desktop\quad2010\projects\qengine\src\qmd3.cpp(360): warning C4244: 'argument' : conversion from 'float' to 'unsigned int', possible loss of data
c:\users\avansc\desktop\quad2010\projects\qengine\src\qmd3.cpp(365): warning C4244: 'argument' : conversion from 'float' to 'unsigned int', possible loss of data
c:\users\avansc\desktop\quad2010\projects\qengine\src\qmd3.cpp(366): warning C4244: 'argument' : conversion from 'float' to 'unsigned int', possible loss of data
c:\users\avansc\desktop\quad2010\projects\qengine\src\qmd3.cpp(372): warning C4244: 'argument' : conversion from 'float' to 'unsigned int', possible loss of data
c:\users\avansc\desktop\quad2010\projects\qengine\include\qalgorithm.h(54): warning C4251: 'CTreeNode<T>::m_vChildNodes' : class 'std::vector<_Ty>' needs to have dll-interface to be used by clients of class 'CTreeNode<T>'
c:\users\avansc\desktop\quad2010\projects\qengine\src\qmath.cpp(333): warning C4244: 'initializing' : conversion from 'double' to 'float', possible loss of data
c:\users\avansc\desktop\quad2010\projects\qengine\src\qmath.cpp(339): warning C4244: 'initializing' : conversion from 'double' to 'float', possible loss of data
c:\users\avansc\desktop\quad2010\projects\qengine\src\qmath.cpp(458): warning C4101: 'iLen' : unreferenced local variable
c:\users\avansc\desktop\quad2010\projects\qengine\src\qmath.cpp(809): warning C4244: 'return' : conversion from 'double' to 'float', possible loss of data
c:\users\avansc\desktop\quad2010\projects\qengine\src\qmath.cpp(1061): warning C4244: '=' : conversion from 'float' to 'LONG', possible loss of data
c:\users\avansc\desktop\quad2010\projects\qengine\src\qmath.cpp(1062): warning C4244: '=' : conversion from 'float' to 'LONG', possible loss of data
c:\users\avansc\desktop\quad2010\projects\qengine\include\qindexbuffer.h(44): warning C4275: non dll-interface class 'CQuadrionResource' used as base for dll-interface class 'CQuadrionIndexBuffer'
c:\users\avansc\desktop\quad2010\projects\qengine\include\qtexture.h(229): warning C4251: 'CQuadrionTextureFile::pixels' : class 'std::vector<_Ty>' needs to have dll-interface to be used by clients of class 'CQuadrionTextureFile'
c:\users\avansc\desktop\quad2010\projects\qengine\include\qtexture.h(230): warning C4251: 'CQuadrionTextureFile::normalMap' : class 'std::vector<_Ty>' needs to have dll-interface to be used by clients of class 'CQuadrionTextureFile'
c:\users\avansc\desktop\quad2010\projects\qengine\include\qtexture.h(233): warning C4251: 'CQuadrionTextureFile::fileName' : class 'std::basic_string<_Elem,_Traits,_Ax>' needs to have dll-interface to be used by clients of class 'CQuadrionTextureFile'
c:\users\avansc\desktop\quad2010\projects\qengine\include\qtexture.h(234): warning C4251: 'CQuadrionTextureFile::m_pathName' : class 'std::basic_string<_Elem,_Traits,_Ax>' needs to have dll-interface to be used by clients of class 'CQuadrionTextureFile'
c:\users\avansc\desktop\quad2010\projects\qengine\include\qtexture.h(276): warning C4275: non dll-interface class 'CQuadrionResource' used as base for dll-interface class 'CQuadrionTextureObject'
c:\users\avansc\desktop\quad2010\projects\qengine\include\qtexture.h(459): warning C4275: non dll-interface class 'CQuadrionResource' used as base for dll-interface class 'CQuadrionDepthStencilTarget'
c:\users\avansc\desktop\quad2010\projects\qengine\include\qeffect.h(82): warning C4275: non dll-interface class 'CQuadrionResource' used as base for dll-interface class 'CQuadrionEffect'
c:\users\avansc\desktop\quad2010\projects\qengine\include\qeffect.h(172): warning C4251: 'CQuadrionEffect::m_effectPath' : class 'std::basic_string<_Elem,_Traits,_Ax>' needs to have dll-interface to be used by clients of class 'CQuadrionEffect'
c:\users\avansc\desktop\quad2010\projects\qengine\include\qeffect.h(182): warning C4251: 'CQuadrionEffect::m_effectParameterNames' : class 'std::basic_string<_Elem,_Traits,_Ax>' needs to have dll-interface to be used by clients of class 'CQuadrionEffect'
c:\users\avansc\desktop\quad2010\projects\qengine\include\qvertexbuffer.h(111): warning C4275: non dll-interface class 'CQuadrionResource' used as base for dll-interface class 'CQuadrionVertexBuffer'
c:\users\avansc\desktop\quad2010\projects\qengine\include\qvertexbuffer.h(282): warning C4275: non dll-interface class 'CQuadrionResource' used as base for dll-interface class 'CQuadrionInstancedVertexBuffer'
c:\users\avansc\desktop\quad2010\projects\qengine\include\qrender.h(555): warning C4251: 'CQuadrionRender::m_swapChains' : class 'std::vector<_Ty>' needs to have dll-interface to be used by clients of class 'CQuadrionRender'
c:\users\avansc\desktop\quad2010\projects\qengine\include\qrender.h(556): warning C4251: 'CQuadrionRender::m_swapDepthStencils' : class 'std::vector<_Ty>' needs to have dll-interface to be used by clients of class 'CQuadrionRender'
c:\users\avansc\desktop\quad2010\projects\qengine\include\qrender.h(560): warning C4251: 'CQuadrionRender::m_userFVFs' : class 'std::vector<_Ty>' needs to have dll-interface to be used by clients of class 'CQuadrionRender'
c:\users\avansc\desktop\quad2010\projects\qengine\include\qrender.h(618): warning C4251: 'CQuadrionRender::m_fontList' : class 'std::vector<_Ty>' needs to have dll-interface to be used by clients of class 'CQuadrionRender'
c:\users\avansc\desktop\quad2010\projects\qengine\include\qrender.h(619): warning C4251: 'CQuadrionRender::m_spriteList' : class 'std::vector<_Ty>' needs to have dll-interface to be used by clients of class 'CQuadrionRender'
c:\users\avansc\desktop\quad2010\projects\qengine\include\qtexture.h(229): warning C4251: 'CQuadrionTextureFile::pixels' : class 'std::vector<_Ty>' needs to have dll-interface to be used by clients of class 'CQuadrionTextureFile'
c:\users\avansc\desktop\quad2010\projects\qengine\include\qtexture.h(230): warning C4251: 'CQuadrionTextureFile::normalMap' : class 'std::vector<_Ty>' needs to have dll-interface to be used by clients of class 'CQuadrionTextureFile'
c:\users\avansc\desktop\quad2010\projects\qengine\include\qtexture.h(233): warning C4251: 'CQuadrionTextureFile::fileName' : class 'std::basic_string<_Elem,_Traits,_Ax>' needs to have dll-interface to be used by clients of class 'CQuadrionTextureFile'
c:\users\avansc\desktop\quad2010\projects\qengine\include\qtexture.h(234): warning C4251: 'CQuadrionTextureFile::m_pathName' : class 'std::basic_string<_Elem,_Traits,_Ax>' needs to have dll-interface to be used by clients of class 'CQuadrionTextureFile'
c:\users\avansc\desktop\quad2010\projects\qengine\include\qtexture.h(276): warning C4275: non dll-interface class 'CQuadrionResource' used as base for dll-interface class 'CQuadrionTextureObject'
c:\users\avansc\desktop\quad2010\projects\qengine\include\qtexture.h(459): warning C4275: non dll-interface class 'CQuadrionResource' used as base for dll-interface class 'CQuadrionDepthStencilTarget'
c:\users\avansc\desktop\quad2010\projects\qengine\include\qeffect.h(82): warning C4275: non dll-interface class 'CQuadrionResource' used as base for dll-interface class 'CQuadrionEffect'
c:\users\avansc\desktop\quad2010\projects\qengine\include\qeffect.h(172): warning C4251: 'CQuadrionEffect::m_effectPath' : class 'std::basic_string<_Elem,_Traits,_Ax>' needs to have dll-interface to be used by clients of class 'CQuadrionEffect'
c:\users\avansc\desktop\quad2010\projects\qengine\include\qeffect.h(182): warning C4251: 'CQuadrionEffect::m_effectParameterNames' : class 'std::basic_string<_Elem,_Traits,_Ax>' needs to have dll-interface to be used by clients of class 'CQuadrionEffect'
c:\users\avansc\desktop\quad2010\projects\qengine\include\qvertexbuffer.h(111): warning C4275: non dll-interface class 'CQuadrionResource' used as base for dll-interface class 'CQuadrionVertexBuffer'
c:\users\avansc\desktop\quad2010\projects\qengine\include\qvertexbuffer.h(282): warning C4275: non dll-interface class 'CQuadrionResource' used as base for dll-interface class 'CQuadrionInstancedVertexBuffer'
c:\users\avansc\desktop\quad2010\projects\qengine\include\qindexbuffer.h(44): warning C4275: non dll-interface class 'CQuadrionResource' used as base for dll-interface class 'CQuadrionIndexBuffer'
c:\users\avansc\desktop\quad2010\projects\qengine\include\qrender.h(555): warning C4251: 'CQuadrionRender::m_swapChains' : class 'std::vector<_Ty>' needs to have dll-interface to be used by clients of class 'CQuadrionRender'
c:\users\avansc\desktop\quad2010\projects\qengine\include\qrender.h(556): warning C4251: 'CQuadrionRender::m_swapDepthStencils' : class 'std::vector<_Ty>' needs to have dll-interface to be used by clients of class 'CQuadrionRender'
c:\users\avansc\desktop\quad2010\projects\qengine\include\qrender.h(560): warning C4251: 'CQuadrionRender::m_userFVFs' : class 'std::vector<_Ty>' needs to have dll-interface to be used by clients of class 'CQuadrionRender'
c:\users\avansc\desktop\quad2010\projects\qengine\include\qrender.h(618): warning C4251: 'CQuadrionRender::m_fontList' : class 'std::vector<_Ty>' needs to have dll-interface to be used by clients of class 'CQuadrionRender'
c:\users\avansc\desktop\quad2010\projects\qengine\include\qrender.h(619): warning C4251: 'CQuadrionRender::m_spriteList' : class 'std::vector<_Ty>' needs to have dll-interface to be used by clients of class 'CQuadrionRender'
c:\users\avansc\desktop\quad2010\projects\qengine\include\qfile.h(56): warning C4251: 'CFile::fileName' : class 'std::basic_string<_Elem,_Traits,_Ax>' needs to have dll-interface to be used by clients of class 'CFile'
c:\users\avansc\desktop\quad2010\projects\qengine\include\qfile.h(92): warning C4251: 'CConfigFile::configVars' : class 'CHashTable<T>' needs to have dll-interface to be used by clients of class 'CConfigFile'
c:\users\avansc\desktop\quad2010\projects\qengine\src\qfile.cpp(242): warning C4996: 'itoa': The POSIX name for this item is deprecated. Instead, use the ISO C++ conformant name: _itoa. See online help for details.
c:\users\avansc\desktop\quad2010\projects\qengine\src\qfile.cpp(261): warning C4018: '<' : signed/unsigned mismatch
c:\users\avansc\desktop\quad2010\projects\qengine\include\qhash.h(64): warning C4018: '<' : signed/unsigned mismatch
c:\users\avansc\desktop\quad2010\projects\qengine\src\qfile.cpp(26): warning C4715: 'GetFileAccessMode' : not all control paths return a value
c:\users\avansc\desktop\quad2010\projects\qengine\src\qrender.cpp(654): warning C4715: 'CQuadrionRender::BindSwapChain' : not all control paths return a value
c:\users\avansc\desktop\quad2010\projects\qengine\src\qrender.cpp(2121): warning C4715: 'CQuadrionRender::RenderFrustum' : not all control paths return a value
c:\users\avansc\desktop\quad2010\projects\qengine\include\qtext.h(30): warning C4700: uninitialized local variable 'ret' used
c:\users\avansc\desktop\quad2010\projects\qengine\src\qtms.cpp(214): warning C4715: 'cTMS::setThreadPriority' : not all control paths return a value
c:\users\avansc\desktop\quad2010\projects\qengine\src\qvertexbuffer.cpp(99): warning C4715: 'GetVertexAttributeOffset' : not all control paths return a value
c:\users\avansc\desktop\quad2010\projects\qengine\include\qtexture.h(229): warning C4251: 'CQuadrionTextureFile::pixels' : class 'std::vector<_Ty>' needs to have dll-interface to be used by clients of class 'CQuadrionTextureFile'
c:\users\avansc\desktop\quad2010\projects\qengine\include\qtexture.h(230): warning C4251: 'CQuadrionTextureFile::normalMap' : class 'std::vector<_Ty>' needs to have dll-interface to be used by clients of class 'CQuadrionTextureFile'
c:\users\avansc\desktop\quad2010\projects\qengine\include\qtexture.h(233): warning C4251: 'CQuadrionTextureFile::fileName' : class 'std::basic_string<_Elem,_Traits,_Ax>' needs to have dll-interface to be used by clients of class 'CQuadrionTextureFile'
c:\users\avansc\desktop\quad2010\projects\qengine\include\qtexture.h(234): warning C4251: 'CQuadrionTextureFile::m_pathName' : class 'std::basic_string<_Elem,_Traits,_Ax>' needs to have dll-interface to be used by clients of class 'CQuadrionTextureFile'
c:\users\avansc\desktop\quad2010\projects\qengine\include\qtexture.h(276): warning C4275: non dll-interface class 'CQuadrionResource' used as base for dll-interface class 'CQuadrionTextureObject'
c:\users\avansc\desktop\quad2010\projects\qengine\include\qtexture.h(459): warning C4275: non dll-interface class 'CQuadrionResource' used as base for dll-interface class 'CQuadrionDepthStencilTarget'
c:\users\avansc\desktop\quad2010\projects\qengine\include\qeffect.h(82): warning C4275: non dll-interface class 'CQuadrionResource' used as base for dll-interface class 'CQuadrionEffect'
c:\users\avansc\desktop\quad2010\projects\qengine\include\qeffect.h(172): warning C4251: 'CQuadrionEffect::m_effectPath' : class 'std::basic_string<_Elem,_Traits,_Ax>' needs to have dll-interface to be used by clients of class 'CQuadrionEffect'
c:\users\avansc\desktop\quad2010\projects\qengine\include\qeffect.h(182): warning C4251: 'CQuadrionEffect::m_effectParameterNames' : class 'std::basic_string<_Elem,_Traits,_Ax>' needs to have dll-interface to be used by clients of class 'CQuadrionEffect'
c:\users\avansc\desktop\quad2010\projects\qengine\include\qvertexbuffer.h(111): warning C4275: non dll-interface class 'CQuadrionResource' used as base for dll-interface class 'CQuadrionVertexBuffer'
c:\users\avansc\desktop\quad2010\projects\qengine\include\qvertexbuffer.h(282): warning C4275: non dll-interface class 'CQuadrionResource' used as base for dll-interface class 'CQuadrionInstancedVertexBuffer'
c:\users\avansc\desktop\quad2010\projects\qengine\include\qindexbuffer.h(44): warning C4275: non dll-interface class 'CQuadrionResource' used as base for dll-interface class 'CQuadrionIndexBuffer'
c:\users\avansc\desktop\quad2010\projects\qengine\include\qrender.h(555): warning C4251: 'CQuadrionRender::m_swapChains' : class 'std::vector<_Ty>' needs to have dll-interface to be used by clients of class 'CQuadrionRender'
c:\users\avansc\desktop\quad2010\projects\qengine\include\qrender.h(556): warning C4251: 'CQuadrionRender::m_swapDepthStencils' : class 'std::vector<_Ty>' needs to have dll-interface to be used by clients of class 'CQuadrionRender'
c:\users\avansc\desktop\quad2010\projects\qengine\include\qrender.h(560): warning C4251: 'CQuadrionRender::m_userFVFs' : class 'std::vector<_Ty>' needs to have dll-interface to be used by clients of class 'CQuadrionRender'
c:\users\avansc\desktop\quad2010\projects\qengine\include\qrender.h(618): warning C4251: 'CQuadrionRender::m_fontList' : class 'std::vector<_Ty>' needs to have dll-interface to be used by clients of class 'CQuadrionRender'
c:\users\avansc\desktop\quad2010\projects\qengine\include\qrender.h(619): warning C4251: 'CQuadrionRender::m_spriteList' : class 'std::vector<_Ty>' needs to have dll-interface to be used by clients of class 'CQuadrionRender'
c:\users\avansc\desktop\quad2010\projects\qengine\src\qeffect.cpp(524): warning C4018: '<' : signed/unsigned mismatch
c:\users\avansc\desktop\quad2010\projects\qengine\src\qeffect.cpp(583): warning C4018: '<' : signed/unsigned mismatch
c:\users\avansc\desktop\quad2010\projects\qengine\src\qeffect.cpp(642): warning C4018: '<' : signed/unsigned mismatch
c:\users\avansc\desktop\quad2010\projects\qengine\src\qeffect.cpp(702): warning C4018: '<' : signed/unsigned mismatch
c:\users\avansc\desktop\quad2010\projects\qengine\include\qtexture.h(229): warning C4251: 'CQuadrionTextureFile::pixels' : class 'std::vector<_Ty>' needs to have dll-interface to be used by clients of class 'CQuadrionTextureFile'
c:\users\avansc\desktop\quad2010\projects\qengine\include\qtexture.h(230): warning C4251: 'CQuadrionTextureFile::normalMap' : class 'std::vector<_Ty>' needs to have dll-interface to be used by clients of class 'CQuadrionTextureFile'
c:\users\avansc\desktop\quad2010\projects\qengine\include\qtexture.h(233): warning C4251: 'CQuadrionTextureFile::fileName' : class 'std::basic_string<_Elem,_Traits,_Ax>' needs to have dll-interface to be used by clients of class 'CQuadrionTextureFile'
c:\users\avansc\desktop\quad2010\projects\qengine\include\qtexture.h(234): warning C4251: 'CQuadrionTextureFile::m_pathName' : class 'std::basic_string<_Elem,_Traits,_Ax>' needs to have dll-interface to be used by clients of class 'CQuadrionTextureFile'
c:\users\avansc\desktop\quad2010\projects\qengine\include\qtexture.h(276): warning C4275: non dll-interface class 'CQuadrionResource' used as base for dll-interface class 'CQuadrionTextureObject'
c:\users\avansc\desktop\quad2010\projects\qengine\include\qtexture.h(459): warning C4275: non dll-interface class 'CQuadrionResource' used as base for dll-interface class 'CQuadrionDepthStencilTarget'
c:\users\avansc\desktop\quad2010\projects\qengine\include\qeffect.h(82): warning C4275: non dll-interface class 'CQuadrionResource' used as base for dll-interface class 'CQuadrionEffect'
c:\users\avansc\desktop\quad2010\projects\qengine\include\qeffect.h(172): warning C4251: 'CQuadrionEffect::m_effectPath' : class 'std::basic_string<_Elem,_Traits,_Ax>' needs to have dll-interface to be used by clients of class 'CQuadrionEffect'
c:\users\avansc\desktop\quad2010\projects\qengine\include\qeffect.h(182): warning C4251: 'CQuadrionEffect::m_effectParameterNames' : class 'std::basic_string<_Elem,_Traits,_Ax>' needs to have dll-interface to be used by clients of class 'CQuadrionEffect'
c:\users\avansc\desktop\quad2010\projects\qengine\include\qvertexbuffer.h(111): warning C4275: non dll-interface class 'CQuadrionResource' used as base for dll-interface class 'CQuadrionVertexBuffer'
c:\users\avansc\desktop\quad2010\projects\qengine\include\qvertexbuffer.h(282): warning C4275: non dll-interface class 'CQuadrionResource' used as base for dll-interface class 'CQuadrionInstancedVertexBuffer'
c:\users\avansc\desktop\quad2010\projects\qengine\include\qindexbuffer.h(44): warning C4275: non dll-interface class 'CQuadrionResource' used as base for dll-interface class 'CQuadrionIndexBuffer'
c:\users\avansc\desktop\quad2010\projects\qengine\include\qrender.h(555): warning C4251: 'CQuadrionRender::m_swapChains' : class 'std::vector<_Ty>' needs to have dll-interface to be used by clients of class 'CQuadrionRender'
c:\users\avansc\desktop\quad2010\projects\qengine\include\qrender.h(556): warning C4251: 'CQuadrionRender::m_swapDepthStencils' : class 'std::vector<_Ty>' needs to have dll-interface to be used by clients of class 'CQuadrionRender'
c:\users\avansc\desktop\quad2010\projects\qengine\include\qrender.h(560): warning C4251: 'CQuadrionRender::m_userFVFs' : class 'std::vector<_Ty>' needs to have dll-interface to be used by clients of class 'CQuadrionRender'
c:\users\avansc\desktop\quad2010\projects\qengine\include\qrender.h(618): warning C4251: 'CQuadrionRender::m_fontList' : class 'std::vector<_Ty>' needs to have dll-interface to be used by clients of class 'CQuadrionRender'
c:\users\avansc\desktop\quad2010\projects\qengine\include\qrender.h(619): warning C4251: 'CQuadrionRender::m_spriteList' : class 'std::vector<_Ty>' needs to have dll-interface to be used by clients of class 'CQuadrionRender'
c:\users\avansc\desktop\quad2010\projects\qengine\include\qtexture.h(229): warning C4251: 'CQuadrionTextureFile::pixels' : class 'std::vector<_Ty>' needs to have dll-interface to be used by clients of class 'CQuadrionTextureFile'
c:\users\avansc\desktop\quad2010\projects\qengine\include\qtexture.h(230): warning C4251: 'CQuadrionTextureFile::normalMap' : class 'std::vector<_Ty>' needs to have dll-interface to be used by clients of class 'CQuadrionTextureFile'
c:\users\avansc\desktop\quad2010\projects\qengine\include\qtexture.h(233): warning C4251: 'CQuadrionTextureFile::fileName' : class 'std::basic_string<_Elem,_Traits,_Ax>' needs to have dll-interface to be used by clients of class 'CQuadrionTextureFile'
c:\users\avansc\desktop\quad2010\projects\qengine\include\qtexture.h(234): warning C4251: 'CQuadrionTextureFile::m_pathName' : class 'std::basic_string<_Elem,_Traits,_Ax>' needs to have dll-interface to be used by clients of class 'CQuadrionTextureFile'
c:\users\avansc\desktop\quad2010\projects\qengine\include\qtexture.h(276): warning C4275: non dll-interface class 'CQuadrionResource' used as base for dll-interface class 'CQuadrionTextureObject'
c:\users\avansc\desktop\quad2010\projects\qengine\include\qtexture.h(459): warning C4275: non dll-interface class 'CQuadrionResource' used as base for dll-interface class 'CQuadrionDepthStencilTarget'
c:\users\avansc\desktop\quad2010\projects\qengine\include\qeffect.h(82): warning C4275: non dll-interface class 'CQuadrionResource' used as base for dll-interface class 'CQuadrionEffect'
c:\users\avansc\desktop\quad2010\projects\qengine\include\qeffect.h(172): warning C4251: 'CQuadrionEffect::m_effectPath' : class 'std::basic_string<_Elem,_Traits,_Ax>' needs to have dll-interface to be used by clients of class 'CQuadrionEffect'
c:\users\avansc\desktop\quad2010\projects\qengine\include\qeffect.h(182): warning C4251: 'CQuadrionEffect::m_effectParameterNames' : class 'std::basic_string<_Elem,_Traits,_Ax>' needs to have dll-interface to be used by clients of class 'CQuadrionEffect'
c:\users\avansc\desktop\quad2010\projects\qengine\include\qvertexbuffer.h(111): warning C4275: non dll-interface class 'CQuadrionResource' used as base for dll-interface class 'CQuadrionVertexBuffer'
c:\users\avansc\desktop\quad2010\projects\qengine\include\qvertexbuffer.h(282): warning C4275: non dll-interface class 'CQuadrionResource' used as base for dll-interface class 'CQuadrionInstancedVertexBuffer'
c:\users\avansc\desktop\quad2010\projects\qengine\include\qindexbuffer.h(44): warning C4275: non dll-interface class 'CQuadrionResource' used as base for dll-interface class 'CQuadrionIndexBuffer'
c:\users\avansc\desktop\quad2010\projects\qengine\include\qrender.h(555): warning C4251: 'CQuadrionRender::m_swapChains' : class 'std::vector<_Ty>' needs to have dll-interface to be used by clients of class 'CQuadrionRender'
c:\users\avansc\desktop\quad2010\projects\qengine\include\qrender.h(556): warning C4251: 'CQuadrionRender::m_swapDepthStencils' : class 'std::vector<_Ty>' needs to have dll-interface to be used by clients of class 'CQuadrionRender'
c:\users\avansc\desktop\quad2010\projects\qengine\include\qrender.h(560): warning C4251: 'CQuadrionRender::m_userFVFs' : class 'std::vector<_Ty>' needs to have dll-interface to be used by clients of class 'CQuadrionRender'
c:\users\avansc\desktop\quad2010\projects\qengine\include\qrender.h(618): warning C4251: 'CQuadrionRender::m_fontList' : class 'std::vector<_Ty>' needs to have dll-interface to be used by clients of class 'CQuadrionRender'
c:\users\avansc\desktop\quad2010\projects\qengine\include\qrender.h(619): warning C4251: 'CQuadrionRender::m_spriteList' : class 'std::vector<_Ty>' needs to have dll-interface to be used by clients of class 'CQuadrionRender'
c:\users\avansc\desktop\quad2010\projects\qengine\include\qmodelobject.h(75): warning C4251: 'CModelObject::m_fileName' : class 'std::basic_string<_Elem,_Traits,_Ax>' needs to have dll-interface to be used by clients of class 'CModelObject'
c:\users\avansc\desktop\quad2010\projects\qengine\include\qmodelobject.h(76): warning C4251: 'CModelObject::m_filePath' : class 'std::basic_string<_Elem,_Traits,_Ax>' needs to have dll-interface to be used by clients of class 'CModelObject'
c:\users\avansc\desktop\quad2010\projects\qengine\include\qmodelobject.h(146): warning C4251: 'CModelManager::m_modelMap' : class 'std::map<_Kty,_Ty,_Pr>' needs to have dll-interface to be used by clients of class 'CModelManager'
c:\users\avansc\desktop\quad2010\projects\qengine\include\qmodelobject.h(147): warning C4251: 'CModelManager::m_effectPath' : class 'std::basic_string<_Elem,_Traits,_Ax>' needs to have dll-interface to be used by clients of class 'CModelManager'
c:\users\avansc\desktop\quad2010\projects\qengine\include\qxml.h(48): warning C4251: 'CXMLNodeHandler::m_vNodes' : class 'std::vector<_Ty>' needs to have dll-interface to be used by clients of class 'CXMLNodeHandler'
c:\users\avansc\desktop\quad2010\projects\qengine\include\qxml.h(104): warning C4251: 'CXMLNode::m_strName' : class 'std::basic_string<_Elem,_Traits,_Ax>' needs to have dll-interface to be used by clients of class 'CXMLNode'
c:\users\avansc\desktop\quad2010\projects\qengine\include\qxml.h(108): warning C4251: 'CXMLNode::m_mAttributes' : class 'stdext::hash_map<_Kty,_Ty>' needs to have dll-interface to be used by clients of class 'CXMLNode'
c:\users\avansc\desktop\quad2010\projects\qengine\include\qxml.h(109): warning C4251: 'CXMLNode::m_vContents' : class 'std::vector<_Ty>' needs to have dll-interface to be used by clients of class 'CXMLNode'
c:\users\avansc\desktop\quad2010\projects\qengine\include\qxml.h(132): warning C4251: 'CXML::m_vRawData' : class 'std::vector<_Ty>' needs to have dll-interface to be used by clients of class 'CXML'
c:\users\avansc\desktop\quad2010\projects\qengine\include\qxml.h(142): warning C4251: 'CXML::m_mURIs' : class 'std::map<_Kty,_Ty>' needs to have dll-interface to be used by clients of class 'CXML'
c:\users\avansc\desktop\quad2010\projects\qengine\include\qalgorithm.h(54): warning C4251: 'CTreeNode<T>::m_vChildNodes' : class 'std::vector<CTreeNode<T>>' needs to have dll-interface to be used by clients of class 'CTreeNode<T>'
c:\users\avansc\desktop\quad2010\projects\qengine\include\qalgorithm.h(89): warning C4251: 'CTree<T>::m_pRootNodes' : class 'std::vector<CTreeNode<T>>' needs to have dll-interface to be used by clients of class 'CTree<T>'
c:\users\avansc\desktop\quad2010\projects\qengine\include\qmodel.h(70): warning C4251: 'CQuadrionModel::m_sName' : class 'std::basic_string<_Elem,_Traits,_Ax>' needs to have dll-interface to be used by clients of class 'CQuadrionModel'
c:\users\avansc\desktop\quad2010\projects\qengine\include\qmodel.h(70): warning C4251: 'CQuadrionModel::m_sPath' : class 'std::basic_string<_Elem,_Traits,_Ax>' needs to have dll-interface to be used by clients of class 'CQuadrionModel'
c:\users\avansc\desktop\quad2010\projects\qengine\include\qmodel.h(100): warning C4251: 'CQuadrionModelManager::m_vModelPool' : class 'std::vector<_Ty>' needs to have dll-interface to be used by clients of class 'CQuadrionModelManager'
c:\users\avansc\desktop\quad2010\projects\qengine\include\qmodel.h(101): warning C4251: 'CQuadrionModelManager::m_vHandles' : class 'std::vector<_Ty>' needs to have dll-interface to be used by clients of class 'CQuadrionModelManager'
c:\users\avansc\desktop\quad2010\projects\qengine\include\qalgorithm.h(89): warning C4251: 'CTree<T>::m_pRootNodes' : class 'std::vector<_Ty>' needs to have dll-interface to be used by clients of class 'CTree<T>'
c:\users\avansc\desktop\quad2010\projects\qengine\include\qmodel.h(123): warning C4251: 'CQuadrionModelAssembler::m_vModels' : class 'std::vector<_Ty>' needs to have dll-interface to be used by clients of class 'CQuadrionModelAssembler'
c:\users\avansc\desktop\quad2010\projects\qengine\include\qmd3.h(129): warning C4251: 'CMD3Surface::m_vTriangles' : class 'std::vector<_Ty>' needs to have dll-interface to be used by clients of class 'CMD3Surface'
c:\users\avansc\desktop\quad2010\projects\qengine\include\qmd3.h(130): warning C4251: 'CMD3Surface::m_vTexCoords' : class 'std::vector<_Ty>' needs to have dll-interface to be used by clients of class 'CMD3Surface'
c:\users\avansc\desktop\quad2010\projects\qengine\include\qmd3.h(132): warning C4251: 'CMD3Surface::m_vVerts' : class 'std::vector<_Ty>' needs to have dll-interface to be used by clients of class 'CMD3Surface'
c:\users\avansc\desktop\quad2010\projects\qengine\include\qmd3.h(154): warning C4251: 'CMD3Frame::m_vTags' : class 'std::vector<_Ty>' needs to have dll-interface to be used by clients of class 'CMD3Frame'
c:\users\avansc\desktop\quad2010\projects\qengine\include\qmd3.h(155): warning C4251: 'CMD3Frame::m_vSurfaces' : class 'std::vector<_Ty>' needs to have dll-interface to be used by clients of class 'CMD3Frame'
c:\users\avansc\desktop\quad2010\projects\qengine\include\qmd3.h(179): warning C4251: 'CMD3Mesh::m_vFrames' : class 'std::vector<_Ty>' needs to have dll-interface to be used by clients of class 'CMD3Mesh'
c:\users\avansc\desktop\quad2010\projects\qengine\include\qmd3.h(183): warning C4251: 'CMD3Mesh::m_sPath' : class 'std::basic_string<_Elem,_Traits,_Ax>' needs to have dll-interface to be used by clients of class 'CMD3Mesh'
c:\users\avansc\desktop\quad2010\projects\qengine\include\q3dsmodel.h(120): warning C4251: 's3DSMaterial::fileName' : class 'std::basic_string<_Elem,_Traits,_Ax>' needs to have dll-interface to be used by clients of struct 's3DSMaterial'
c:\users\avansc\desktop\quad2010\projects\qengine\include\q3dsmodel.h(236): warning C4251: 'c3DSModel::textureHandleList' : class 'std::vector<_Ty>' needs to have dll-interface to be used by clients of class 'c3DSModel'
c:\users\avansc\desktop\quad2010\projects\qengine\include\q3dsmodel.h(237): warning C4251: 'c3DSModel::meshRenderHandles' : class 'std::vector<_Ty>' needs to have dll-interface to be used by clients of class 'c3DSModel'
c:\users\avansc\desktop\quad2010\projects\qengine\include\q3dsmodel.h(239): warning C4251: 'c3DSModel::fileName' : class 'std::basic_string<_Elem,_Traits,_Ax>' needs to have dll-interface to be used by clients of class 'c3DSModel'
c:\users\avansc\desktop\quad2010\projects\qengine\src\q3dsmodel.cpp(440): warning C4018: '<' : signed/unsigned mismatch
c:\users\avansc\desktop\quad2010\projects\qengine\src\q3dsmodel.cpp(1232): warning C4018: '<' : signed/unsigned mismatch
c:\users\avansc\desktop\quad2010\projects\qengine\src\q3dsmodel.cpp(1376): warning C4018: '<' : signed/unsigned mismatch
c:\users\avansc\desktop\quad2010\projects\qengine\src\q3dsmodel.cpp(1382): warning C4018: '<' : signed/unsigned mismatch
c:\users\avansc\desktop\quad2010\projects\qengine\src\q3dsmodel.cpp(1721): warning C4018: '<' : signed/unsigned mismatch
c:\users\avansc\desktop\quad2010\projects\qengine\src\q3dsmodel.cpp(1764): warning C4018: '<' : signed/unsigned mismatch
c:\users\avansc\desktop\quad2010\projects\qengine\src\q3dsmodel.cpp(1770): warning C4018: '<' : signed/unsigned mismatch
c:\users\avansc\desktop\quad2010\projects\qengine\src\q3dsmodel.cpp(1792): warning C4018: '<' : signed/unsigned mismatch
c:\users\avansc\desktop\quad2010\projects\qengine\include\qalgorithm.h(54): warning C4251: 'CTreeNode<T>::m_vChildNodes' : class 'std::vector<_Ty>' needs to have dll-interface to be used by clients of class 'CTreeNode<T>'
c:\users\avansc\desktop\quad2010\projects\qengine\src\idct.cpp(140): warning C4554: '>>' : check operator precedence for possible error; use parentheses to clarify precedence
c:\users\avansc\desktop\quad2010\projects\qengine\src\idct.cpp(141): warning C4554: '>>' : check operator precedence for possible error; use parentheses to clarify precedence
c:\users\avansc\desktop\quad2010\projects\qengine\src\idct.cpp(142): warning C4554: '>>' : check operator precedence for possible error; use parentheses to clarify precedence
c:\users\avansc\desktop\quad2010\projects\qengine\src\idct.cpp(143): warning C4554: '>>' : check operator precedence for possible error; use parentheses to clarify precedence
c:\users\avansc\desktop\quad2010\projects\qengine\src\idct.cpp(144): warning C4554: '>>' : check operator precedence for possible error; use parentheses to clarify precedence
c:\users\avansc\desktop\quad2010\projects\qengine\src\idct.cpp(145): warning C4554: '>>' : check operator precedence for possible error; use parentheses to clarify precedence
c:\users\avansc\desktop\quad2010\projects\qengine\src\idct.cpp(146): warning C4554: '>>' : check operator precedence for possible error; use parentheses to clarify precedence
c:\users\avansc\desktop\quad2010\projects\qengine\src\idct.cpp(147): warning C4554: '>>' : check operator precedence for possible error; use parentheses to clarify precedence
c:\users\avansc\desktop\quad2010\projects\qengine\src\idct.cpp(161): warning C4554: '>>' : check operator precedence for possible error; use parentheses to clarify precedence
c:\users\avansc\desktop\quad2010\projects\qengine\src\idct.cpp(227): warning C4554: '>>' : check operator precedence for possible error; use parentheses to clarify precedence
c:\users\avansc\desktop\quad2010\projects\qengine\src\idct.cpp(231): warning C4554: '>>' : check operator precedence for possible error; use parentheses to clarify precedence
c:\users\avansc\desktop\quad2010\projects\qengine\src\idct.cpp(235): warning C4554: '>>' : check operator precedence for possible error; use parentheses to clarify precedence
c:\users\avansc\desktop\quad2010\projects\qengine\src\idct.cpp(239): warning C4554: '>>' : check operator precedence for possible error; use parentheses to clarify precedence
c:\users\avansc\desktop\quad2010\projects\qengine\src\idct.cpp(243): warning C4554: '>>' : check operator precedence for possible error; use parentheses to clarify precedence
c:\users\avansc\desktop\quad2010\projects\qengine\src\idct.cpp(247): warning C4554: '>>' : check operator precedence for possible error; use parentheses to clarify precedence
c:\users\avansc\desktop\quad2010\projects\qengine\src\idct.cpp(251): warning C4554: '>>' : check operator precedence for possible error; use parentheses to clarify precedence
c:\users\avansc\desktop\quad2010\projects\qengine\src\idct.cpp(255): warning C4554: '>>' : check operator precedence for possible error; use parentheses to clarify precedence
c:\users\avansc\desktop\quad2010\projects\qengine\include\qtext.h(30): warning C4700: uninitialized local variable 'ret' used
